2018-09-21 07:15:12,523 - INFO - Beginning execution of dms2_logoplot in directory /fh/fast/bloom_j/computational_notebooks/adingens/2017/FusionPeptide_Antibodies/NHP_FP_Ab_Lineages_MAP

2018-09-21 07:15:12,524 - INFO - Progress is being logged to ./results/fracsurviveaboveavg/wtDNA_ctrl/110D12-median.log
2018-09-21 07:15:16,656 - INFO - Version information:
	Time and date: Fri Sep 21 07:15:12 2018
	Platform: Linux-3.13.0-143-generic-x86_64-with-debian-jessie-sid
	Python version: 3.6.5 |Anaconda, Inc.| (default, Apr 29 2018, 16:14:56)  [GCC 7.2.0]
	dms_tools2 version: 2.2.9
	Bio version: 1.72
	HTSeq version: 0.10.0
	pandas version: 0.23.3
	numpy version: 1.15.0
	IPython version: 6.4.0
	jupyter version: 1.0.0
	matplotlib version: 2.2.2
	plotnine version: 0.3.0
	natsort version: 5.3.3
	pystan version: 2.16.0.0
	scipy version: 1.1.0
	seaborn version: 0.9.0
	phydmslib version: 2.3.1
	statsmodels version: 0.9.0
	rpy2 version: 2.9.1

2018-09-21 07:15:16,657 - INFO - Parsed the following arguments:
	outdir = ./results/fracsurviveaboveavg/wtDNA_ctrl
	ncpus = -1
	use_existing = yes
	prefs = None
	diffsel = None
	fracsurvive = ./results/fracsurviveaboveavg/wtDNA_ctrl/summary_110D12-medianmutfracsurvive.csv
	diffprefs = None
	name = 110D12-median
	nperline = 84
	numberevery = 10
	excludestop = no
	stringency = 1
	restrictdiffsel = all
	diffselrange = None
	fracsurvivemax = None
	sortsites = yes
	mapmetric = functionalgroup
	colormap = jet
	overlay1 = ['./results/fracsurviveaboveavg/wtDNA_ctrl/summary_110D12-medianmutfracsurvive.csv', 'wildtype', 'wildtype']
	overlay2 = None
	overlay3 = None
	underlay = yes
	scalebar = ['0.6', 'fraction surviving above avg = 0.6']
	overlaycolormap = jet
	letterheight = 1
	ignore_extracols = no
	sepline = no

2018-09-21 07:15:16,662 - INFO - Reading fracsurvive from file ./results/fracsurviveaboveavg/wtDNA_ctrl/summary_110D12-medianmutfracsurvive.csv...
2018-09-21 07:15:16,716 - INFO - Read data for 670 sites.

2018-09-21 07:15:16,752 - INFO - Reading overlay for wildtype from ./results/fracsurviveaboveavg/wtDNA_ctrl/summary_110D12-medianmutfracsurvive.csv...
2018-09-21 07:15:16,816 - INFO - Read overlay for 670 sites.

2018-09-21 07:15:16,816 - INFO - Making logo plot ./results/fracsurviveaboveavg/wtDNA_ctrl/110D12-median_fracsurvive.pdf...
2018-09-21 07:15:22,124 - INFO - Successfully created logo plot.

2018-09-21 07:15:22,125 - INFO - Successful completion of dms2_logoplot
