2018-09-21 06:55:10,966 - INFO - Beginning execution of dms2_bcsubamp in directory /fh/fast/bloom_j/computational_notebooks/adingens/2017/FusionPeptide_Antibodies/NHP_FP_Ab_Lineages_MAP

2018-09-21 06:55:10,966 - INFO - Progress is being logged to ./results/codoncounts/mut-virus-3c-OPV20-1750ug.log
2018-09-21 06:55:16,094 - INFO - Version information:
	Time and date: Fri Sep 21 06:55:10 2018
	Platform: Linux-3.13.0-143-generic-x86_64-with-debian-jessie-sid
	Python version: 3.6.5 |Anaconda, Inc.| (default, Apr 29 2018, 16:14:56)  [GCC 7.2.0]
	dms_tools2 version: 2.2.9
	Bio version: 1.72
	HTSeq version: 0.10.0
	pandas version: 0.23.3
	numpy version: 1.15.0
	IPython version: 6.4.0
	jupyter version: 1.0.0
	matplotlib version: 2.2.2
	plotnine version: 0.3.0
	natsort version: 5.3.3
	pystan version: 2.16.0.0
	scipy version: 1.1.0
	seaborn version: 0.9.0
	phydmslib version: 2.3.1
	statsmodels version: 0.9.0
	rpy2 version: 2.9.1

2018-09-21 06:55:16,095 - INFO - Parsed the following arguments:
	outdir = ./results/codoncounts
	ncpus = -1
	use_existing = yes
	refseq = ./data/BG505.W6.C2.T332N_env.fasta
	alignspecs = ['87,375,39,36', '376,666,36,39', '663,954,33,41', '955,1228,33,37', '1228,1527,34,35', '1527,1815,32,39', '1816,2098,36,41']
	bclen = 8
	fastqdir = ./results/FASTQ_files/
	R2 = None
	R1trim = [200]
	R2trim = [170]
	bclen2 = None
	chartype = codon
	maxmuts = 4
	minq = 15
	minreads = 2
	minfraccall = 0.95
	minconcur = 0.75
	sitemask = ./data/sitemask_BG505.txt
	purgeread = 0
	purgebc = 0
	bcinfo = False
	name = mut-virus-3c-OPV20-1750ug
	R1 = ['BG505_mut_virus_rep3c_OPV20-1750ug_R1.fastq.gz']

2018-09-21 06:55:16,129 - INFO - Read refseq of 2583 codons from ./data/BG505.W6.C2.T332N_env.fasta
2018-09-21 06:55:16,131 - INFO - Reads are in these FASTQ pairs:
	./results/FASTQ_files/BG505_mut_virus_rep3c_OPV20-1750ug_R1.fastq.gz and ./results/FASTQ_files/BG505_mut_virus_rep3c_OPV20-1750ug_R2.fastq.gz

2018-09-21 06:55:16,131 - INFO - Now parsing read pairs...
2018-09-21 06:55:27,960 - INFO - Reads parsed so far: 500000
2018-09-21 06:55:39,199 - INFO - Reads parsed so far: 1000000
2018-09-21 06:55:50,167 - INFO - Reads parsed so far: 1500000
2018-09-21 06:56:00,597 - INFO - Reads parsed so far: 2000000
2018-09-21 06:56:11,011 - INFO - Reads parsed so far: 2500000
2018-09-21 06:56:22,318 - INFO - Reads parsed so far: 3000000
2018-09-21 06:56:32,654 - INFO - Reads parsed so far: 3500000
2018-09-21 06:56:42,960 - INFO - Reads parsed so far: 4000000
2018-09-21 06:56:53,238 - INFO - Reads parsed so far: 4500000
2018-09-21 06:57:03,569 - INFO - Reads parsed so far: 5000000
2018-09-21 06:57:13,829 - INFO - Reads parsed so far: 5500000
2018-09-21 06:57:24,285 - INFO - Reads parsed so far: 6000000
2018-09-21 06:57:34,599 - INFO - Reads parsed so far: 6500000
2018-09-21 06:57:44,898 - INFO - Reads parsed so far: 7000000
2018-09-21 06:57:48,161 - INFO - Parsed 7156677 reads, found 1004184 unique barcodes.
2018-09-21 06:57:48,167 - INFO - Summary stats on reads:
total  fail filter  low Q barcode
7156677            0         481426
2018-09-21 06:57:48,167 - INFO - Writing these stats to ./results/codoncounts/mut-virus-3c-OPV20-1750ug_readstats.csv

2018-09-21 06:57:48,508 - INFO - Number of reads per barcode:
                 number of barcodes
number of reads                    
1                            121316
2                             34372
3                             52579
4                             74427
5                             94674
6                            108329
7                            111302
8                            104301
9                             89832
10                            71021
11                            52123
12                            35802
13                            23064
14                            13831
15                             7933
16                             4431
17                             2347
18                             1185
19                              599
20                              340
21                              149
22                               91
23                               49
24                               40
25                               24
26                               11
27                                8
28                                1
29                                1
30                                1
31                                1
2018-09-21 06:57:48,508 - INFO - Writing these stats to ./results/codoncounts/mut-virus-3c-OPV20-1750ug_readsperbc.csv

2018-09-21 06:57:48,515 - INFO - Examining the 1004184 barcodes to build and align subamplicons...
2018-09-21 06:58:03,232 - INFO - Barcodes examined so far: 200000
2018-09-21 06:58:17,145 - INFO - Barcodes examined so far: 400000
2018-09-21 06:58:30,598 - INFO - Barcodes examined so far: 600000
2018-09-21 06:58:43,598 - INFO - Barcodes examined so far: 800000
2018-09-21 06:58:52,027 - INFO - Barcodes examined so far: 1000000
2018-09-21 06:58:52,046 - INFO - Examined all barcodes. Summary stats:
total  too few reads  not alignable  aligned
1004184         121316          58232   824636
2018-09-21 06:58:52,046 - INFO - Writing these stats to ./results/codoncounts/mut-virus-3c-OPV20-1750ug_bcstats.csv

2018-09-21 06:58:52,085 - INFO - Filtering to only sites listed in sitemask ./data/sitemask_BG505.txt
2018-09-21 06:58:52,106 - INFO - Filtered from 861 to 670 sites.
2018-09-21 06:58:52,106 - INFO - Writing the counts of each codon identity at each site to ./results/codoncounts/mut-virus-3c-OPV20-1750ug_codoncounts.csv

2018-09-21 06:58:52,188 - INFO - Successful completion of dms2_bcsubamp
