2018-09-21 06:51:35,157 - INFO - Beginning execution of dms2_bcsubamp in directory /fh/fast/bloom_j/computational_notebooks/adingens/2017/FusionPeptide_Antibodies/NHP_FP_Ab_Lineages_MAP

2018-09-21 06:51:35,158 - INFO - Progress is being logged to ./results/codoncounts/mut-virus-2c-110D12-700ug.log
2018-09-21 06:52:07,367 - INFO - Version information:
	Time and date: Fri Sep 21 06:51:35 2018
	Platform: Linux-3.13.0-143-generic-x86_64-with-debian-jessie-sid
	Python version: 3.6.5 |Anaconda, Inc.| (default, Apr 29 2018, 16:14:56)  [GCC 7.2.0]
	dms_tools2 version: 2.2.9
	Bio version: 1.72
	HTSeq version: 0.10.0
	pandas version: 0.23.3
	numpy version: 1.15.0
	IPython version: 6.4.0
	jupyter version: 1.0.0
	matplotlib version: 2.2.2
	plotnine version: 0.3.0
	natsort version: 5.3.3
	pystan version: 2.16.0.0
	scipy version: 1.1.0
	seaborn version: 0.9.0
	phydmslib version: 2.3.1
	statsmodels version: 0.9.0
	rpy2 version: 2.9.1

2018-09-21 06:52:07,373 - INFO - Parsed the following arguments:
	outdir = ./results/codoncounts
	ncpus = -1
	use_existing = yes
	refseq = ./data/BG505.W6.C2.T332N_env.fasta
	alignspecs = ['87,375,39,36', '376,666,36,39', '663,954,33,41', '955,1228,33,37', '1228,1527,34,35', '1527,1815,32,39', '1816,2098,36,41']
	bclen = 8
	fastqdir = ./results/FASTQ_files/
	R2 = None
	R1trim = [200]
	R2trim = [170]
	bclen2 = None
	chartype = codon
	maxmuts = 4
	minq = 15
	minreads = 2
	minfraccall = 0.95
	minconcur = 0.75
	sitemask = ./data/sitemask_BG505.txt
	purgeread = 0
	purgebc = 0
	bcinfo = False
	name = mut-virus-2c-110D12-700ug
	R1 = ['BG505_mut_virus_rep2c_110D12-700ug_R1.fastq.gz']

2018-09-21 06:52:07,742 - INFO - Read refseq of 2583 codons from ./data/BG505.W6.C2.T332N_env.fasta
2018-09-21 06:52:07,755 - INFO - Reads are in these FASTQ pairs:
	./results/FASTQ_files/BG505_mut_virus_rep2c_110D12-700ug_R1.fastq.gz and ./results/FASTQ_files/BG505_mut_virus_rep2c_110D12-700ug_R2.fastq.gz

2018-09-21 06:52:07,756 - INFO - Now parsing read pairs...
2018-09-21 06:52:21,001 - INFO - Reads parsed so far: 500000
2018-09-21 06:52:32,362 - INFO - Reads parsed so far: 1000000
2018-09-21 06:52:43,294 - INFO - Reads parsed so far: 1500000
2018-09-21 06:52:53,934 - INFO - Reads parsed so far: 2000000
2018-09-21 06:53:05,007 - INFO - Reads parsed so far: 2500000
2018-09-21 06:53:15,460 - INFO - Reads parsed so far: 3000000
2018-09-21 06:53:26,313 - INFO - Reads parsed so far: 3500000
2018-09-21 06:53:36,786 - INFO - Reads parsed so far: 4000000
2018-09-21 06:53:46,550 - INFO - Parsed 4406826 reads, found 1368370 unique barcodes.
2018-09-21 06:53:46,553 - INFO - Summary stats on reads:
total  fail filter  low Q barcode
4406826            0         269210
2018-09-21 06:53:46,553 - INFO - Writing these stats to ./results/codoncounts/mut-virus-2c-110D12-700ug_readstats.csv

2018-09-21 06:53:46,994 - INFO - Number of reads per barcode:
                 number of barcodes
number of reads                    
1                            358561
2                            266246
3                            260844
4                            205548
5                            134290
6                             76184
7                             38183
8                             17285
9                              6902
10                             2764
11                             1059
12                              331
13                              116
14                               35
15                               12
16                                7
17                                2
21                                1
2018-09-21 06:53:46,994 - INFO - Writing these stats to ./results/codoncounts/mut-virus-2c-110D12-700ug_readsperbc.csv

2018-09-21 06:53:46,998 - INFO - Examining the 1368370 barcodes to build and align subamplicons...
2018-09-21 06:53:58,408 - INFO - Barcodes examined so far: 200000
2018-09-21 06:54:09,507 - INFO - Barcodes examined so far: 400000
2018-09-21 06:54:20,120 - INFO - Barcodes examined so far: 600000
2018-09-21 06:54:30,184 - INFO - Barcodes examined so far: 800000
2018-09-21 06:54:40,040 - INFO - Barcodes examined so far: 1000000
2018-09-21 06:54:47,290 - INFO - Barcodes examined so far: 1200000
2018-09-21 06:54:50,145 - INFO - Examined all barcodes. Summary stats:
total  too few reads  not alignable  aligned
1368370         358561          80714   929095
2018-09-21 06:54:50,145 - INFO - Writing these stats to ./results/codoncounts/mut-virus-2c-110D12-700ug_bcstats.csv

2018-09-21 06:54:50,168 - INFO - Filtering to only sites listed in sitemask ./data/sitemask_BG505.txt
2018-09-21 06:54:50,185 - INFO - Filtered from 861 to 670 sites.
2018-09-21 06:54:50,185 - INFO - Writing the counts of each codon identity at each site to ./results/codoncounts/mut-virus-2c-110D12-700ug_codoncounts.csv

2018-09-21 06:54:50,225 - INFO - Successful completion of dms2_bcsubamp
