2018-09-10 17:18:24,841 - INFO - Beginning execution of dms2_bcsubamp in directory /fh/fast/bloom_j/computational_notebooks/adingens/2017/FusionPeptide_Antibodies/NHP_FP_Ab_Lineages_MAP

2018-09-10 17:18:24,841 - INFO - Progress is being logged to ./results/codoncounts/mut-virus-3c-17D4-5000ug.log
2018-09-10 17:18:58,891 - INFO - Version information:
	Time and date: Mon Sep 10 17:18:24 2018
	Platform: Linux-3.13.0-143-generic-x86_64-with-debian-jessie-sid
	Python version: 3.6.5 |Anaconda, Inc.| (default, Apr 29 2018, 16:14:56)  [GCC 7.2.0]
	dms_tools2 version: 2.2.9
	Bio version: 1.72
	HTSeq version: 0.10.0
	pandas version: 0.23.3
	numpy version: 1.15.0
	IPython version: 6.4.0
	jupyter version: 1.0.0
	matplotlib version: 2.2.2
	plotnine version: 0.3.0
	natsort version: 5.3.3
	pystan version: 2.16.0.0
	scipy version: 1.1.0
	seaborn version: 0.9.0
	phydmslib version: 2.3.1
	statsmodels version: 0.9.0
	rpy2 version: 2.9.1

2018-09-10 17:18:58,892 - INFO - Parsed the following arguments:
	outdir = ./results/codoncounts
	ncpus = -1
	use_existing = yes
	refseq = ./data/BG505.W6.C2.T332N_env.fasta
	alignspecs = ['87,375,39,36', '376,666,36,39', '663,954,33,41', '955,1228,33,37', '1228,1527,34,35', '1527,1815,32,39', '1816,2098,36,41']
	bclen = 8
	fastqdir = ../FASTQ_files/
	R2 = None
	R1trim = [200]
	R2trim = [170]
	bclen2 = None
	chartype = codon
	maxmuts = 4
	minq = 15
	minreads = 2
	minfraccall = 0.95
	minconcur = 0.75
	sitemask = ./data/sitemask_BG505.txt
	purgeread = 0
	purgebc = 0
	bcinfo = False
	name = mut-virus-3c-17D4-5000ug
	R1 = ['BG505_mut_virus_rep3c_17D4-5000ug_R1.fastq.gz']

2018-09-10 17:18:59,095 - INFO - Read refseq of 2583 codons from ./data/BG505.W6.C2.T332N_env.fasta
2018-09-10 17:18:59,124 - INFO - Reads are in these FASTQ pairs:
	../FASTQ_files/BG505_mut_virus_rep3c_17D4-5000ug_R1.fastq.gz and ../FASTQ_files/BG505_mut_virus_rep3c_17D4-5000ug_R2.fastq.gz

2018-09-10 17:18:59,124 - INFO - Now parsing read pairs...
2018-09-10 17:19:38,363 - INFO - Reads parsed so far: 500000
2018-09-10 17:20:16,952 - INFO - Reads parsed so far: 1000000
2018-09-10 17:20:55,674 - INFO - Reads parsed so far: 1500000
2018-09-10 17:21:33,674 - INFO - Reads parsed so far: 2000000
2018-09-10 17:22:10,565 - INFO - Reads parsed so far: 2500000
2018-09-10 17:22:46,652 - INFO - Reads parsed so far: 3000000
2018-09-10 17:23:20,535 - INFO - Reads parsed so far: 3500000
2018-09-10 17:24:01,412 - INFO - Reads parsed so far: 4000000
2018-09-10 17:24:40,263 - INFO - Reads parsed so far: 4500000
2018-09-10 17:25:15,458 - INFO - Reads parsed so far: 5000000
2018-09-10 17:25:54,811 - INFO - Reads parsed so far: 5500000
2018-09-10 17:26:12,433 - INFO - Parsed 5738572 reads, found 1191355 unique barcodes.
2018-09-10 17:26:12,474 - INFO - Summary stats on reads:
total  fail filter  low Q barcode
5738572       118786         375273
2018-09-10 17:26:12,474 - INFO - Writing these stats to ./results/codoncounts/mut-virus-3c-17D4-5000ug_readstats.csv

2018-09-10 17:26:13,864 - INFO - Number of reads per barcode:
                 number of barcodes
number of reads                    
1                            194224
2                            122125
3                            159609
4                            174859
5                            163928
6                            134065
7                             97549
8                             64255
9                             38680
10                            21407
11                            10951
12                             5318
13                             2508
14                             1063
15                              447
16                              187
17                               98
18                               47
19                               15
20                               12
21                                2
22                                4
23                                2
2018-09-10 17:26:13,901 - INFO - Writing these stats to ./results/codoncounts/mut-virus-3c-17D4-5000ug_readsperbc.csv

2018-09-10 17:26:13,915 - INFO - Examining the 1191355 barcodes to build and align subamplicons...
2018-09-10 17:27:01,248 - INFO - Barcodes examined so far: 200000
2018-09-10 17:27:56,555 - INFO - Barcodes examined so far: 400000
2018-09-10 17:28:39,118 - INFO - Barcodes examined so far: 600000
2018-09-10 17:29:00,689 - INFO - Barcodes examined so far: 800000
2018-09-10 17:29:21,394 - INFO - Barcodes examined so far: 1000000
2018-09-10 17:29:31,161 - INFO - Examined all barcodes. Summary stats:
total  too few reads  not alignable  aligned
1191355         194224          70645   926486
2018-09-10 17:29:31,162 - INFO - Writing these stats to ./results/codoncounts/mut-virus-3c-17D4-5000ug_bcstats.csv

2018-09-10 17:29:31,189 - INFO - Filtering to only sites listed in sitemask ./data/sitemask_BG505.txt
2018-09-10 17:29:31,214 - INFO - Filtered from 861 to 670 sites.
2018-09-10 17:29:31,214 - INFO - Writing the counts of each codon identity at each site to ./results/codoncounts/mut-virus-3c-17D4-5000ug_codoncounts.csv

2018-09-10 17:29:31,283 - INFO - Successful completion of dms2_bcsubamp
