2018-09-10 16:58:50,111 - INFO - Beginning execution of dms2_bcsubamp in directory /fh/fast/bloom_j/computational_notebooks/adingens/2017/FusionPeptide_Antibodies/NHP_FP_Ab_Lineages_MAP

2018-09-10 16:58:50,111 - INFO - Progress is being logged to ./results/codoncounts/mut-virus-2c-110D12-400ug.log
2018-09-10 16:58:58,821 - INFO - Version information:
	Time and date: Mon Sep 10 16:58:50 2018
	Platform: Linux-3.13.0-143-generic-x86_64-with-debian-jessie-sid
	Python version: 3.6.5 |Anaconda, Inc.| (default, Apr 29 2018, 16:14:56)  [GCC 7.2.0]
	dms_tools2 version: 2.2.9
	Bio version: 1.72
	HTSeq version: 0.10.0
	pandas version: 0.23.3
	numpy version: 1.15.0
	IPython version: 6.4.0
	jupyter version: 1.0.0
	matplotlib version: 2.2.2
	plotnine version: 0.3.0
	natsort version: 5.3.3
	pystan version: 2.16.0.0
	scipy version: 1.1.0
	seaborn version: 0.9.0
	phydmslib version: 2.3.1
	statsmodels version: 0.9.0
	rpy2 version: 2.9.1

2018-09-10 16:58:58,822 - INFO - Parsed the following arguments:
	outdir = ./results/codoncounts
	ncpus = -1
	use_existing = yes
	refseq = ./data/BG505.W6.C2.T332N_env.fasta
	alignspecs = ['87,375,39,36', '376,666,36,39', '663,954,33,41', '955,1228,33,37', '1228,1527,34,35', '1527,1815,32,39', '1816,2098,36,41']
	bclen = 8
	fastqdir = ../FASTQ_files/
	R2 = None
	R1trim = [200]
	R2trim = [170]
	bclen2 = None
	chartype = codon
	maxmuts = 4
	minq = 15
	minreads = 2
	minfraccall = 0.95
	minconcur = 0.75
	sitemask = ./data/sitemask_BG505.txt
	purgeread = 0
	purgebc = 0
	bcinfo = False
	name = mut-virus-2c-110D12-400ug
	R1 = ['BG505_mut_virus_rep2c_110D12-400ug_R1.fastq.gz']

2018-09-10 16:58:58,868 - INFO - Read refseq of 2583 codons from ./data/BG505.W6.C2.T332N_env.fasta
2018-09-10 16:58:58,876 - INFO - Reads are in these FASTQ pairs:
	../FASTQ_files/BG505_mut_virus_rep2c_110D12-400ug_R1.fastq.gz and ../FASTQ_files/BG505_mut_virus_rep2c_110D12-400ug_R2.fastq.gz

2018-09-10 16:58:58,876 - INFO - Now parsing read pairs...
2018-09-10 16:59:39,895 - INFO - Reads parsed so far: 500000
2018-09-10 17:00:19,674 - INFO - Reads parsed so far: 1000000
2018-09-10 17:00:58,909 - INFO - Reads parsed so far: 1500000
2018-09-10 17:01:38,638 - INFO - Reads parsed so far: 2000000
2018-09-10 17:02:15,555 - INFO - Reads parsed so far: 2500000
2018-09-10 17:02:51,257 - INFO - Reads parsed so far: 3000000
2018-09-10 17:03:31,587 - INFO - Reads parsed so far: 3500000
2018-09-10 17:04:07,827 - INFO - Reads parsed so far: 4000000
2018-09-10 17:04:12,850 - INFO - Parsed 4065171 reads, found 1515788 unique barcodes.
2018-09-10 17:04:12,880 - INFO - Summary stats on reads:
total  fail filter  low Q barcode
4065171        79197         250562
2018-09-10 17:04:12,880 - INFO - Writing these stats to ./results/codoncounts/mut-virus-2c-110D12-400ug_readstats.csv

2018-09-10 17:04:14,588 - INFO - Number of reads per barcode:
                 number of barcodes
number of reads                    
1                            517738
2                            372597
3                            289469
4                            178287
5                             92370
6                             40751
7                             16068
8                              5784
9                              1841
10                              612
11                              176
12                               61
13                               23
14                                4
15                                5
16                                1
18                                1
2018-09-10 17:04:14,600 - INFO - Writing these stats to ./results/codoncounts/mut-virus-2c-110D12-400ug_readsperbc.csv

2018-09-10 17:04:14,604 - INFO - Examining the 1515788 barcodes to build and align subamplicons...
2018-09-10 17:04:51,615 - INFO - Barcodes examined so far: 200000
2018-09-10 17:05:31,568 - INFO - Barcodes examined so far: 400000
2018-09-10 17:06:09,244 - INFO - Barcodes examined so far: 600000
2018-09-10 17:06:42,234 - INFO - Barcodes examined so far: 800000
2018-09-10 17:07:13,419 - INFO - Barcodes examined so far: 1000000
2018-09-10 17:07:39,372 - INFO - Barcodes examined so far: 1200000
2018-09-10 17:07:54,705 - INFO - Barcodes examined so far: 1400000
2018-09-10 17:07:58,473 - INFO - Examined all barcodes. Summary stats:
total  too few reads  not alignable  aligned
1515788         517738          83137   914913
2018-09-10 17:07:58,473 - INFO - Writing these stats to ./results/codoncounts/mut-virus-2c-110D12-400ug_bcstats.csv

2018-09-10 17:07:58,570 - INFO - Filtering to only sites listed in sitemask ./data/sitemask_BG505.txt
2018-09-10 17:07:58,619 - INFO - Filtered from 861 to 670 sites.
2018-09-10 17:07:58,619 - INFO - Writing the counts of each codon identity at each site to ./results/codoncounts/mut-virus-2c-110D12-400ug_codoncounts.csv

2018-09-10 17:07:58,789 - INFO - Successful completion of dms2_bcsubamp
