2018-09-21 06:51:35,160 - INFO - Beginning execution of dms2_bcsubamp in directory /fh/fast/bloom_j/computational_notebooks/adingens/2017/FusionPeptide_Antibodies/NHP_FP_Ab_Lineages_MAP

2018-09-21 06:51:35,160 - INFO - Progress is being logged to ./results/codoncounts/mut-virus-1b-106E6-375ug.log
2018-09-21 06:52:07,364 - INFO - Version information:
	Time and date: Fri Sep 21 06:51:35 2018
	Platform: Linux-3.13.0-143-generic-x86_64-with-debian-jessie-sid
	Python version: 3.6.5 |Anaconda, Inc.| (default, Apr 29 2018, 16:14:56)  [GCC 7.2.0]
	dms_tools2 version: 2.2.9
	Bio version: 1.72
	HTSeq version: 0.10.0
	pandas version: 0.23.3
	numpy version: 1.15.0
	IPython version: 6.4.0
	jupyter version: 1.0.0
	matplotlib version: 2.2.2
	plotnine version: 0.3.0
	natsort version: 5.3.3
	pystan version: 2.16.0.0
	scipy version: 1.1.0
	seaborn version: 0.9.0
	phydmslib version: 2.3.1
	statsmodels version: 0.9.0
	rpy2 version: 2.9.1

2018-09-21 06:52:07,370 - INFO - Parsed the following arguments:
	outdir = ./results/codoncounts
	ncpus = -1
	use_existing = yes
	refseq = ./data/BG505.W6.C2.T332N_env.fasta
	alignspecs = ['87,375,39,36', '376,666,36,39', '663,954,33,41', '955,1228,33,37', '1228,1527,34,35', '1527,1815,32,39', '1816,2098,36,41']
	bclen = 8
	fastqdir = ./results/FASTQ_files/
	R2 = None
	R1trim = [200]
	R2trim = [170]
	bclen2 = None
	chartype = codon
	maxmuts = 4
	minq = 15
	minreads = 2
	minfraccall = 0.95
	minconcur = 0.75
	sitemask = ./data/sitemask_BG505.txt
	purgeread = 0
	purgebc = 0
	bcinfo = False
	name = mut-virus-1b-106E6-375ug
	R1 = ['BG505_mut_virus_1b_106E6-375ug_R1.fastq.gz']

2018-09-21 06:52:07,742 - INFO - Read refseq of 2583 codons from ./data/BG505.W6.C2.T332N_env.fasta
2018-09-21 06:52:07,753 - INFO - Reads are in these FASTQ pairs:
	./results/FASTQ_files/BG505_mut_virus_1b_106E6-375ug_R1.fastq.gz and ./results/FASTQ_files/BG505_mut_virus_1b_106E6-375ug_R2.fastq.gz

2018-09-21 06:52:07,753 - INFO - Now parsing read pairs...
2018-09-21 06:52:20,901 - INFO - Reads parsed so far: 500000
2018-09-21 06:52:31,841 - INFO - Reads parsed so far: 1000000
2018-09-21 06:52:42,715 - INFO - Reads parsed so far: 1500000
2018-09-21 06:52:53,634 - INFO - Reads parsed so far: 2000000
2018-09-21 06:53:04,035 - INFO - Reads parsed so far: 2500000
2018-09-21 06:53:14,363 - INFO - Reads parsed so far: 3000000
2018-09-21 06:53:25,635 - INFO - Reads parsed so far: 3500000
2018-09-21 06:53:36,077 - INFO - Reads parsed so far: 4000000
2018-09-21 06:53:46,480 - INFO - Reads parsed so far: 4500000
2018-09-21 06:53:49,790 - INFO - Parsed 4660083 reads, found 1172190 unique barcodes.
2018-09-21 06:53:49,795 - INFO - Summary stats on reads:
total  fail filter  low Q barcode
4660083            0         516979
2018-09-21 06:53:49,795 - INFO - Writing these stats to ./results/codoncounts/mut-virus-1b-106E6-375ug_readstats.csv

2018-09-21 06:53:50,150 - INFO - Number of reads per barcode:
                 number of barcodes
number of reads                    
1                            298540
2                            163329
3                            182801
4                            168945
5                            133324
6                             93666
7                             59121
8                             35006
9                             19011
10                             9876
11                             4639
12                             2201
13                              940
14                              455
15                              194
16                               80
17                               28
18                               14
19                                8
20                                5
21                                5
22                                1
25                                1
2018-09-21 06:53:50,150 - INFO - Writing these stats to ./results/codoncounts/mut-virus-1b-106E6-375ug_readsperbc.csv

2018-09-21 06:53:50,154 - INFO - Examining the 1172190 barcodes to build and align subamplicons...
2018-09-21 06:54:02,328 - INFO - Barcodes examined so far: 200000
2018-09-21 06:54:14,082 - INFO - Barcodes examined so far: 400000
2018-09-21 06:54:25,229 - INFO - Barcodes examined so far: 600000
2018-09-21 06:54:37,644 - INFO - Barcodes examined so far: 800000
2018-09-21 06:54:45,882 - INFO - Barcodes examined so far: 1000000
2018-09-21 06:54:49,067 - INFO - Examined all barcodes. Summary stats:
total  too few reads  not alignable  aligned
1172190         298540          71634   802016
2018-09-21 06:54:49,068 - INFO - Writing these stats to ./results/codoncounts/mut-virus-1b-106E6-375ug_bcstats.csv

2018-09-21 06:54:49,091 - INFO - Filtering to only sites listed in sitemask ./data/sitemask_BG505.txt
2018-09-21 06:54:49,110 - INFO - Filtered from 861 to 670 sites.
2018-09-21 06:54:49,110 - INFO - Writing the counts of each codon identity at each site to ./results/codoncounts/mut-virus-1b-106E6-375ug_codoncounts.csv

2018-09-21 06:54:49,151 - INFO - Successful completion of dms2_bcsubamp
