2018-09-10 17:33:49,497 - INFO - Beginning execution of dms2_bcsubamp in directory /fh/fast/bloom_j/computational_notebooks/adingens/2017/FusionPeptide_Antibodies/NHP_FP_Ab_Lineages_MAP

2018-09-10 17:33:49,497 - INFO - Progress is being logged to ./results/codoncounts/mut-virus-2c.log
2018-09-10 17:34:52,938 - INFO - Version information:
	Time and date: Mon Sep 10 17:33:49 2018
	Platform: Linux-3.13.0-143-generic-x86_64-with-debian-jessie-sid
	Python version: 3.6.5 |Anaconda, Inc.| (default, Apr 29 2018, 16:14:56)  [GCC 7.2.0]
	dms_tools2 version: 2.2.9
	Bio version: 1.72
	HTSeq version: 0.10.0
	pandas version: 0.23.3
	numpy version: 1.15.0
	IPython version: 6.4.0
	jupyter version: 1.0.0
	matplotlib version: 2.2.2
	plotnine version: 0.3.0
	natsort version: 5.3.3
	pystan version: 2.16.0.0
	scipy version: 1.1.0
	seaborn version: 0.9.0
	phydmslib version: 2.3.1
	statsmodels version: 0.9.0
	rpy2 version: 2.9.1

2018-09-10 17:34:52,940 - INFO - Parsed the following arguments:
	outdir = ./results/codoncounts
	ncpus = -1
	use_existing = yes
	refseq = ./data/BG505.W6.C2.T332N_env.fasta
	alignspecs = ['87,375,39,36', '376,666,36,39', '663,954,33,41', '955,1228,33,37', '1228,1527,34,35', '1527,1815,32,39', '1816,2098,36,41']
	bclen = 8
	fastqdir = ../FASTQ_files/
	R2 = None
	R1trim = [200]
	R2trim = [170]
	bclen2 = None
	chartype = codon
	maxmuts = 4
	minq = 15
	minreads = 2
	minfraccall = 0.95
	minconcur = 0.75
	sitemask = ./data/sitemask_BG505.txt
	purgeread = 0
	purgebc = 0
	bcinfo = False
	name = mut-virus-2c
	R1 = ['BG505_mut_virus_rep2c_R1.fastq.gz']

2018-09-10 17:34:53,362 - INFO - Read refseq of 2583 codons from ./data/BG505.W6.C2.T332N_env.fasta
2018-09-10 17:34:53,397 - INFO - Reads are in these FASTQ pairs:
	../FASTQ_files/BG505_mut_virus_rep2c_R1.fastq.gz and ../FASTQ_files/BG505_mut_virus_rep2c_R2.fastq.gz

2018-09-10 17:34:53,397 - INFO - Now parsing read pairs...
2018-09-10 17:35:30,058 - INFO - Reads parsed so far: 500000
2018-09-10 17:36:07,715 - INFO - Reads parsed so far: 1000000
2018-09-10 17:36:45,979 - INFO - Reads parsed so far: 1500000
2018-09-10 17:37:22,086 - INFO - Reads parsed so far: 2000000
2018-09-10 17:38:01,228 - INFO - Reads parsed so far: 2500000
2018-09-10 17:38:38,567 - INFO - Reads parsed so far: 3000000
2018-09-10 17:39:14,300 - INFO - Reads parsed so far: 3500000
2018-09-10 17:39:56,290 - INFO - Reads parsed so far: 4000000
2018-09-10 17:40:29,610 - INFO - Parsed 4435974 reads, found 1427613 unique barcodes.
2018-09-10 17:40:29,647 - INFO - Summary stats on reads:
total  fail filter  low Q barcode
4435974        87913         249857
2018-09-10 17:40:29,647 - INFO - Writing these stats to ./results/codoncounts/mut-virus-2c_readstats.csv

2018-09-10 17:40:31,524 - INFO - Number of reads per barcode:
                 number of barcodes
number of reads                    
1                            400652
2                            299170
3                            275041
4                            203596
5                            126103
6                             68042
7                             32479
8                             13910
9                              5535
10                             2025
11                              683
12                              247
13                               79
14                               36
15                                9
16                                5
17                                1
2018-09-10 17:40:31,525 - INFO - Writing these stats to ./results/codoncounts/mut-virus-2c_readsperbc.csv

2018-09-10 17:40:31,549 - INFO - Examining the 1427613 barcodes to build and align subamplicons...
2018-09-10 17:41:10,415 - INFO - Barcodes examined so far: 200000
2018-09-10 17:41:44,703 - INFO - Barcodes examined so far: 400000
2018-09-10 17:42:23,058 - INFO - Barcodes examined so far: 600000
2018-09-10 17:42:59,769 - INFO - Barcodes examined so far: 800000
2018-09-10 17:43:31,566 - INFO - Barcodes examined so far: 1000000
2018-09-10 17:43:58,427 - INFO - Barcodes examined so far: 1200000
2018-09-10 17:44:13,162 - INFO - Barcodes examined so far: 1400000
2018-09-10 17:44:13,570 - INFO - Examined all barcodes. Summary stats:
total  too few reads  not alignable  aligned
1427613         400652          81199   945762
2018-09-10 17:44:13,571 - INFO - Writing these stats to ./results/codoncounts/mut-virus-2c_bcstats.csv

2018-09-10 17:44:13,612 - INFO - Filtering to only sites listed in sitemask ./data/sitemask_BG505.txt
2018-09-10 17:44:13,668 - INFO - Filtered from 861 to 670 sites.
2018-09-10 17:44:13,677 - INFO - Writing the counts of each codon identity at each site to ./results/codoncounts/mut-virus-2c_codoncounts.csv

2018-09-10 17:44:13,805 - INFO - Successful completion of dms2_bcsubamp
