2018-09-10 17:10:47,093 - INFO - Beginning execution of dms2_bcsubamp in directory /fh/fast/bloom_j/computational_notebooks/adingens/2017/FusionPeptide_Antibodies/NHP_FP_Ab_Lineages_MAP

2018-09-10 17:10:47,093 - INFO - Progress is being logged to ./results/codoncounts/mut-virus-2c-OPV20-1750ug.log
2018-09-10 17:10:59,073 - INFO - Version information:
	Time and date: Mon Sep 10 17:10:47 2018
	Platform: Linux-3.13.0-143-generic-x86_64-with-debian-jessie-sid
	Python version: 3.6.5 |Anaconda, Inc.| (default, Apr 29 2018, 16:14:56)  [GCC 7.2.0]
	dms_tools2 version: 2.2.9
	Bio version: 1.72
	HTSeq version: 0.10.0
	pandas version: 0.23.3
	numpy version: 1.15.0
	IPython version: 6.4.0
	jupyter version: 1.0.0
	matplotlib version: 2.2.2
	plotnine version: 0.3.0
	natsort version: 5.3.3
	pystan version: 2.16.0.0
	scipy version: 1.1.0
	seaborn version: 0.9.0
	phydmslib version: 2.3.1
	statsmodels version: 0.9.0
	rpy2 version: 2.9.1

2018-09-10 17:10:59,078 - INFO - Parsed the following arguments:
	outdir = ./results/codoncounts
	ncpus = -1
	use_existing = yes
	refseq = ./data/BG505.W6.C2.T332N_env.fasta
	alignspecs = ['87,375,39,36', '376,666,36,39', '663,954,33,41', '955,1228,33,37', '1228,1527,34,35', '1527,1815,32,39', '1816,2098,36,41']
	bclen = 8
	fastqdir = ../FASTQ_files/
	R2 = None
	R1trim = [200]
	R2trim = [170]
	bclen2 = None
	chartype = codon
	maxmuts = 4
	minq = 15
	minreads = 2
	minfraccall = 0.95
	minconcur = 0.75
	sitemask = ./data/sitemask_BG505.txt
	purgeread = 0
	purgebc = 0
	bcinfo = False
	name = mut-virus-2c-OPV20-1750ug
	R1 = ['BG505_mut_virus_rep2c_OPV20-1750ug_R1.fastq.gz']

2018-09-10 17:10:59,170 - INFO - Read refseq of 2583 codons from ./data/BG505.W6.C2.T332N_env.fasta
2018-09-10 17:10:59,188 - INFO - Reads are in these FASTQ pairs:
	../FASTQ_files/BG505_mut_virus_rep2c_OPV20-1750ug_R1.fastq.gz and ../FASTQ_files/BG505_mut_virus_rep2c_OPV20-1750ug_R2.fastq.gz

2018-09-10 17:10:59,188 - INFO - Now parsing read pairs...
2018-09-10 17:11:38,164 - INFO - Reads parsed so far: 500000
2018-09-10 17:12:16,515 - INFO - Reads parsed so far: 1000000
2018-09-10 17:12:53,493 - INFO - Reads parsed so far: 1500000
2018-09-10 17:13:31,257 - INFO - Reads parsed so far: 2000000
2018-09-10 17:14:08,164 - INFO - Reads parsed so far: 2500000
2018-09-10 17:14:46,658 - INFO - Reads parsed so far: 3000000
2018-09-10 17:15:23,095 - INFO - Reads parsed so far: 3500000
2018-09-10 17:15:58,828 - INFO - Reads parsed so far: 4000000
2018-09-10 17:16:27,385 - INFO - Parsed 4425729 reads, found 1263476 unique barcodes.
2018-09-10 17:16:27,412 - INFO - Summary stats on reads:
total  fail filter  low Q barcode
4425729        88638         263644
2018-09-10 17:16:27,412 - INFO - Writing these stats to ./results/codoncounts/mut-virus-2c-OPV20-1750ug_readstats.csv

2018-09-10 17:16:28,775 - INFO - Number of reads per barcode:
                 number of barcodes
number of reads                    
1                            297962
2                            228299
3                            236859
4                            197535
5                            139195
6                             83520
7                             43947
8                             21216
9                              9121
10                             3653
11                             1385
12                              490
13                              189
14                               75
15                               15
16                               10
17                                2
19                                2
20                                1
2018-09-10 17:16:28,775 - INFO - Writing these stats to ./results/codoncounts/mut-virus-2c-OPV20-1750ug_readsperbc.csv

2018-09-10 17:16:28,792 - INFO - Examining the 1263476 barcodes to build and align subamplicons...
2018-09-10 17:17:10,060 - INFO - Barcodes examined so far: 200000
2018-09-10 17:17:52,425 - INFO - Barcodes examined so far: 400000
2018-09-10 17:18:30,219 - INFO - Barcodes examined so far: 600000
2018-09-10 17:18:58,083 - INFO - Barcodes examined so far: 800000
2018-09-10 17:19:31,241 - INFO - Barcodes examined so far: 1000000
2018-09-10 17:19:54,542 - INFO - Barcodes examined so far: 1200000
2018-09-10 17:19:56,864 - INFO - Examined all barcodes. Summary stats:
total  too few reads  not alignable  aligned
1263476         297962          75369   890145
2018-09-10 17:19:56,877 - INFO - Writing these stats to ./results/codoncounts/mut-virus-2c-OPV20-1750ug_bcstats.csv

2018-09-10 17:19:56,924 - INFO - Filtering to only sites listed in sitemask ./data/sitemask_BG505.txt
2018-09-10 17:19:56,959 - INFO - Filtered from 861 to 670 sites.
2018-09-10 17:19:56,978 - INFO - Writing the counts of each codon identity at each site to ./results/codoncounts/mut-virus-2c-OPV20-1750ug_codoncounts.csv

2018-09-10 17:19:57,114 - INFO - Successful completion of dms2_bcsubamp
