2018-09-10 18:02:08,425 - INFO - Beginning execution of dms2_bcsubamp in directory /fh/fast/bloom_j/computational_notebooks/adingens/2017/FusionPeptide_Antibodies/NHP_FP_Ab_Lineages_MAP

2018-09-10 18:02:08,425 - INFO - Progress is being logged to ./results/codoncounts/mut-virus-3b.log
2018-09-10 18:02:14,327 - INFO - Version information:
	Time and date: Mon Sep 10 18:02:08 2018
	Platform: Linux-3.13.0-143-generic-x86_64-with-debian-jessie-sid
	Python version: 3.6.5 |Anaconda, Inc.| (default, Apr 29 2018, 16:14:56)  [GCC 7.2.0]
	dms_tools2 version: 2.2.9
	Bio version: 1.72
	HTSeq version: 0.10.0
	pandas version: 0.23.3
	numpy version: 1.15.0
	IPython version: 6.4.0
	jupyter version: 1.0.0
	matplotlib version: 2.2.2
	plotnine version: 0.3.0
	natsort version: 5.3.3
	pystan version: 2.16.0.0
	scipy version: 1.1.0
	seaborn version: 0.9.0
	phydmslib version: 2.3.1
	statsmodels version: 0.9.0
	rpy2 version: 2.9.1

2018-09-10 18:02:14,328 - INFO - Parsed the following arguments:
	outdir = ./results/codoncounts
	ncpus = -1
	use_existing = yes
	refseq = ./data/BG505.W6.C2.T332N_env.fasta
	alignspecs = ['87,375,39,36', '376,666,36,39', '663,954,33,41', '955,1228,33,37', '1228,1527,34,35', '1527,1815,32,39', '1816,2098,36,41']
	bclen = 8
	fastqdir = ../FASTQ_files/
	R2 = None
	R1trim = [200]
	R2trim = [170]
	bclen2 = None
	chartype = codon
	maxmuts = 4
	minq = 15
	minreads = 2
	minfraccall = 0.95
	minconcur = 0.75
	sitemask = ./data/sitemask_BG505.txt
	purgeread = 0
	purgebc = 0
	bcinfo = False
	name = mut-virus-3b
	R1 = ['BG505_mut_virus_3b_R1.fastq.gz']

2018-09-10 18:02:14,384 - INFO - Read refseq of 2583 codons from ./data/BG505.W6.C2.T332N_env.fasta
2018-09-10 18:02:14,389 - INFO - Reads are in these FASTQ pairs:
	../FASTQ_files/BG505_mut_virus_3b_R1.fastq.gz and ../FASTQ_files/BG505_mut_virus_3b_R2.fastq.gz

2018-09-10 18:02:14,389 - INFO - Now parsing read pairs...
2018-09-10 18:02:28,136 - INFO - Reads parsed so far: 500000
2018-09-10 18:02:42,075 - INFO - Reads parsed so far: 1000000
2018-09-10 18:02:57,893 - INFO - Reads parsed so far: 1500000
2018-09-10 18:03:14,477 - INFO - Reads parsed so far: 2000000
2018-09-10 18:03:34,259 - INFO - Reads parsed so far: 2500000
2018-09-10 18:03:51,616 - INFO - Reads parsed so far: 3000000
2018-09-10 18:04:12,162 - INFO - Reads parsed so far: 3500000
2018-09-10 18:04:28,847 - INFO - Reads parsed so far: 4000000
2018-09-10 18:04:46,575 - INFO - Reads parsed so far: 4500000
2018-09-10 18:04:57,501 - INFO - Parsed 4766137 reads, found 1005555 unique barcodes.
2018-09-10 18:04:57,510 - INFO - Summary stats on reads:
total  fail filter  low Q barcode
4766137       194555         525766
2018-09-10 18:04:57,511 - INFO - Writing these stats to ./results/codoncounts/mut-virus-3b_readstats.csv

2018-09-10 18:04:58,181 - INFO - Number of reads per barcode:
                 number of barcodes
number of reads                    
1                            206536
2                            115492
3                            141224
4                            146557
5                            131125
6                            101200
7                             69442
8                             43839
9                             24871
10                            13110
11                             6529
12                             3159
13                             1392
14                              611
15                              227
16                              135
17                               61
18                               26
19                               10
20                                3
21                                3
22                                3
2018-09-10 18:04:58,189 - INFO - Writing these stats to ./results/codoncounts/mut-virus-3b_readsperbc.csv

2018-09-10 18:04:58,195 - INFO - Examining the 1005555 barcodes to build and align subamplicons...
2018-09-10 18:05:27,209 - INFO - Barcodes examined so far: 200000
2018-09-10 18:05:53,094 - INFO - Barcodes examined so far: 400000
2018-09-10 18:06:16,508 - INFO - Barcodes examined so far: 600000
2018-09-10 18:06:37,934 - INFO - Barcodes examined so far: 800000
2018-09-10 18:06:50,257 - INFO - Barcodes examined so far: 1000000
2018-09-10 18:06:50,298 - INFO - Examined all barcodes. Summary stats:
total  too few reads  not alignable  aligned
1005555         206536          65998   733021
2018-09-10 18:06:50,298 - INFO - Writing these stats to ./results/codoncounts/mut-virus-3b_bcstats.csv

2018-09-10 18:06:50,332 - INFO - Filtering to only sites listed in sitemask ./data/sitemask_BG505.txt
2018-09-10 18:06:50,383 - INFO - Filtered from 861 to 670 sites.
2018-09-10 18:06:50,383 - INFO - Writing the counts of each codon identity at each site to ./results/codoncounts/mut-virus-3b_codoncounts.csv

2018-09-10 18:06:50,466 - INFO - Successful completion of dms2_bcsubamp
