2018-09-10 18:23:17,947 - INFO - Beginning execution of dms2_bcsubamp in directory /fh/fast/bloom_j/computational_notebooks/adingens/2017/FusionPeptide_Antibodies/NHP_FP_Ab_Lineages_MAP

2018-09-10 18:23:17,947 - INFO - Progress is being logged to ./results/codoncounts/mut-virus-1b-106B6-375ug.log
2018-09-10 18:23:29,922 - INFO - Version information:
	Time and date: Mon Sep 10 18:23:17 2018
	Platform: Linux-3.13.0-143-generic-x86_64-with-debian-jessie-sid
	Python version: 3.6.5 |Anaconda, Inc.| (default, Apr 29 2018, 16:14:56)  [GCC 7.2.0]
	dms_tools2 version: 2.2.9
	Bio version: 1.72
	HTSeq version: 0.10.0
	pandas version: 0.23.3
	numpy version: 1.15.0
	IPython version: 6.4.0
	jupyter version: 1.0.0
	matplotlib version: 2.2.2
	plotnine version: 0.3.0
	natsort version: 5.3.3
	pystan version: 2.16.0.0
	scipy version: 1.1.0
	seaborn version: 0.9.0
	phydmslib version: 2.3.1
	statsmodels version: 0.9.0
	rpy2 version: 2.9.1

2018-09-10 18:23:29,923 - INFO - Parsed the following arguments:
	outdir = ./results/codoncounts
	ncpus = -1
	use_existing = yes
	refseq = ./data/BG505.W6.C2.T332N_env.fasta
	alignspecs = ['87,375,39,36', '376,666,36,39', '663,954,33,41', '955,1228,33,37', '1228,1527,34,35', '1527,1815,32,39', '1816,2098,36,41']
	bclen = 8
	fastqdir = ../FASTQ_files/
	R2 = None
	R1trim = [200]
	R2trim = [170]
	bclen2 = None
	chartype = codon
	maxmuts = 4
	minq = 15
	minreads = 2
	minfraccall = 0.95
	minconcur = 0.75
	sitemask = ./data/sitemask_BG505.txt
	purgeread = 0
	purgebc = 0
	bcinfo = False
	name = mut-virus-1b-106B6-375ug
	R1 = ['BG505_mut_virus_1b_106B6-375ug_R1.fastq.gz']

2018-09-10 18:23:29,974 - INFO - Read refseq of 2583 codons from ./data/BG505.W6.C2.T332N_env.fasta
2018-09-10 18:23:29,978 - INFO - Reads are in these FASTQ pairs:
	../FASTQ_files/BG505_mut_virus_1b_106B6-375ug_R1.fastq.gz and ../FASTQ_files/BG505_mut_virus_1b_106B6-375ug_R2.fastq.gz

2018-09-10 18:23:29,978 - INFO - Now parsing read pairs...
2018-09-10 18:23:54,314 - INFO - Reads parsed so far: 500000
2018-09-10 18:24:16,389 - INFO - Reads parsed so far: 1000000
2018-09-10 18:24:36,151 - INFO - Reads parsed so far: 1500000
2018-09-10 18:24:58,197 - INFO - Reads parsed so far: 2000000
2018-09-10 18:25:21,570 - INFO - Reads parsed so far: 2500000
2018-09-10 18:25:47,007 - INFO - Reads parsed so far: 3000000
2018-09-10 18:26:14,011 - INFO - Reads parsed so far: 3500000
2018-09-10 18:26:37,171 - INFO - Reads parsed so far: 4000000
2018-09-10 18:27:08,142 - INFO - Reads parsed so far: 4500000
2018-09-10 18:27:37,763 - INFO - Reads parsed so far: 5000000
2018-09-10 18:28:08,370 - INFO - Parsed 5457635 reads, found 1172619 unique barcodes.
2018-09-10 18:28:08,379 - INFO - Summary stats on reads:
total  fail filter  low Q barcode
5457635       210975         583495
2018-09-10 18:28:08,379 - INFO - Writing these stats to ./results/codoncounts/mut-virus-1b-106B6-375ug_readstats.csv

2018-09-10 18:28:09,183 - INFO - Number of reads per barcode:
                 number of barcodes
number of reads                    
1                            308342
2                            116612
3                            143873
4                            150639
5                            135958
6                            108896
7                             78961
8                             53214
9                             33200
10                            19655
11                            11031
12                             6071
13                             3117
14                             1524
15                              754
16                              391
17                              214
18                               76
19                               38
20                               24
21                               17
22                                4
23                                1
24                                4
25                                1
26                                1
30                                1
2018-09-10 18:28:09,186 - INFO - Writing these stats to ./results/codoncounts/mut-virus-1b-106B6-375ug_readsperbc.csv

2018-09-10 18:28:09,191 - INFO - Examining the 1172619 barcodes to build and align subamplicons...
2018-09-10 18:28:48,012 - INFO - Barcodes examined so far: 200000
2018-09-10 18:29:30,940 - INFO - Barcodes examined so far: 400000
2018-09-10 18:30:04,319 - INFO - Barcodes examined so far: 600000
2018-09-10 18:30:26,574 - INFO - Barcodes examined so far: 800000
2018-09-10 18:30:43,921 - INFO - Barcodes examined so far: 1000000
2018-09-10 18:30:49,535 - INFO - Examined all barcodes. Summary stats:
total  too few reads  not alignable  aligned
1172619         308342          66626   797651
2018-09-10 18:30:49,541 - INFO - Writing these stats to ./results/codoncounts/mut-virus-1b-106B6-375ug_bcstats.csv

2018-09-10 18:30:49,569 - INFO - Filtering to only sites listed in sitemask ./data/sitemask_BG505.txt
2018-09-10 18:30:49,591 - INFO - Filtered from 861 to 670 sites.
2018-09-10 18:30:49,601 - INFO - Writing the counts of each codon identity at each site to ./results/codoncounts/mut-virus-1b-106B6-375ug_codoncounts.csv

2018-09-10 18:30:49,665 - INFO - Successful completion of dms2_bcsubamp
