2018-09-10 18:23:17,935 - INFO - Beginning execution of dms2_bcsubamp in directory /fh/fast/bloom_j/computational_notebooks/adingens/2017/FusionPeptide_Antibodies/NHP_FP_Ab_Lineages_MAP

2018-09-10 18:23:17,935 - INFO - Progress is being logged to ./results/codoncounts/mut-virus-3c-DF1W314-80ug.log
2018-09-10 18:23:29,922 - INFO - Version information:
	Time and date: Mon Sep 10 18:23:17 2018
	Platform: Linux-3.13.0-143-generic-x86_64-with-debian-jessie-sid
	Python version: 3.6.5 |Anaconda, Inc.| (default, Apr 29 2018, 16:14:56)  [GCC 7.2.0]
	dms_tools2 version: 2.2.9
	Bio version: 1.72
	HTSeq version: 0.10.0
	pandas version: 0.23.3
	numpy version: 1.15.0
	IPython version: 6.4.0
	jupyter version: 1.0.0
	matplotlib version: 2.2.2
	plotnine version: 0.3.0
	natsort version: 5.3.3
	pystan version: 2.16.0.0
	scipy version: 1.1.0
	seaborn version: 0.9.0
	phydmslib version: 2.3.1
	statsmodels version: 0.9.0
	rpy2 version: 2.9.1

2018-09-10 18:23:29,923 - INFO - Parsed the following arguments:
	outdir = ./results/codoncounts
	ncpus = -1
	use_existing = yes
	refseq = ./data/BG505.W6.C2.T332N_env.fasta
	alignspecs = ['87,375,39,36', '376,666,36,39', '663,954,33,41', '955,1228,33,37', '1228,1527,34,35', '1527,1815,32,39', '1816,2098,36,41']
	bclen = 8
	fastqdir = ../FASTQ_files/
	R2 = None
	R1trim = [200]
	R2trim = [170]
	bclen2 = None
	chartype = codon
	maxmuts = 4
	minq = 15
	minreads = 2
	minfraccall = 0.95
	minconcur = 0.75
	sitemask = ./data/sitemask_BG505.txt
	purgeread = 0
	purgebc = 0
	bcinfo = False
	name = mut-virus-3c-DF1W314-80ug
	R1 = ['BG505_mut_virus_rep3c_DF1W314-80ug_R1.fastq.gz']

2018-09-10 18:23:29,974 - INFO - Read refseq of 2583 codons from ./data/BG505.W6.C2.T332N_env.fasta
2018-09-10 18:23:29,983 - INFO - Reads are in these FASTQ pairs:
	../FASTQ_files/BG505_mut_virus_rep3c_DF1W314-80ug_R1.fastq.gz and ../FASTQ_files/BG505_mut_virus_rep3c_DF1W314-80ug_R2.fastq.gz

2018-09-10 18:23:29,983 - INFO - Now parsing read pairs...
2018-09-10 18:23:50,466 - INFO - Reads parsed so far: 500000
2018-09-10 18:24:12,053 - INFO - Reads parsed so far: 1000000
2018-09-10 18:24:33,818 - INFO - Reads parsed so far: 1500000
2018-09-10 18:24:56,987 - INFO - Reads parsed so far: 2000000
2018-09-10 18:25:18,775 - INFO - Reads parsed so far: 2500000
2018-09-10 18:25:45,247 - INFO - Reads parsed so far: 3000000
2018-09-10 18:26:15,351 - INFO - Reads parsed so far: 3500000
2018-09-10 18:26:38,192 - INFO - Reads parsed so far: 4000000
2018-09-10 18:27:05,546 - INFO - Reads parsed so far: 4500000
2018-09-10 18:27:10,653 - INFO - Parsed 4575568 reads, found 1157592 unique barcodes.
2018-09-10 18:27:10,656 - INFO - Summary stats on reads:
total  fail filter  low Q barcode
4575568        88757         288797
2018-09-10 18:27:10,660 - INFO - Writing these stats to ./results/codoncounts/mut-virus-3c-DF1W314-80ug_readstats.csv

2018-09-10 18:27:11,563 - INFO - Number of reads per barcode:
                 number of barcodes
number of reads                    
1                            226108
2                            177106
3                            202670
4                            188418
5                            146626
6                             99173
7                             58825
8                             31414
9                             15565
10                             6989
11                             2816
12                             1147
13                              449
14                              170
15                               73
16                               21
17                               13
18                                4
19                                3
20                                1
24                                1
2018-09-10 18:27:11,564 - INFO - Writing these stats to ./results/codoncounts/mut-virus-3c-DF1W314-80ug_readsperbc.csv

2018-09-10 18:27:11,572 - INFO - Examining the 1157592 barcodes to build and align subamplicons...
2018-09-10 18:27:45,211 - INFO - Barcodes examined so far: 200000
2018-09-10 18:28:17,894 - INFO - Barcodes examined so far: 400000
2018-09-10 18:28:49,361 - INFO - Barcodes examined so far: 600000
2018-09-10 18:29:17,964 - INFO - Barcodes examined so far: 800000
2018-09-10 18:29:45,181 - INFO - Barcodes examined so far: 1000000
2018-09-10 18:29:54,967 - INFO - Examined all barcodes. Summary stats:
total  too few reads  not alignable  aligned
1157592         226108          69904   861580
2018-09-10 18:29:54,968 - INFO - Writing these stats to ./results/codoncounts/mut-virus-3c-DF1W314-80ug_bcstats.csv

2018-09-10 18:29:55,008 - INFO - Filtering to only sites listed in sitemask ./data/sitemask_BG505.txt
2018-09-10 18:29:55,062 - INFO - Filtered from 861 to 670 sites.
2018-09-10 18:29:55,069 - INFO - Writing the counts of each codon identity at each site to ./results/codoncounts/mut-virus-3c-DF1W314-80ug_codoncounts.csv

2018-09-10 18:29:55,161 - INFO - Successful completion of dms2_bcsubamp
