2018-09-10 16:49:01,038 - INFO - Beginning execution of dms2_bcsubamp in directory /fh/fast/bloom_j/computational_notebooks/adingens/2017/FusionPeptide_Antibodies/NHP_FP_Ab_Lineages_MAP

2018-09-10 16:49:01,038 - INFO - Progress is being logged to ./results/codoncounts/mut-virus-2c-17D4-3500ug.log
2018-09-10 16:49:08,993 - INFO - Version information:
	Time and date: Mon Sep 10 16:49:01 2018
	Platform: Linux-3.13.0-143-generic-x86_64-with-debian-jessie-sid
	Python version: 3.6.5 |Anaconda, Inc.| (default, Apr 29 2018, 16:14:56)  [GCC 7.2.0]
	dms_tools2 version: 2.2.9
	Bio version: 1.72
	HTSeq version: 0.10.0
	pandas version: 0.23.3
	numpy version: 1.15.0
	IPython version: 6.4.0
	jupyter version: 1.0.0
	matplotlib version: 2.2.2
	plotnine version: 0.3.0
	natsort version: 5.3.3
	pystan version: 2.16.0.0
	scipy version: 1.1.0
	seaborn version: 0.9.0
	phydmslib version: 2.3.1
	statsmodels version: 0.9.0
	rpy2 version: 2.9.1

2018-09-10 16:49:08,994 - INFO - Parsed the following arguments:
	outdir = ./results/codoncounts
	ncpus = -1
	use_existing = yes
	refseq = ./data/BG505.W6.C2.T332N_env.fasta
	alignspecs = ['87,375,39,36', '376,666,36,39', '663,954,33,41', '955,1228,33,37', '1228,1527,34,35', '1527,1815,32,39', '1816,2098,36,41']
	bclen = 8
	fastqdir = ../FASTQ_files/
	R2 = None
	R1trim = [200]
	R2trim = [170]
	bclen2 = None
	chartype = codon
	maxmuts = 4
	minq = 15
	minreads = 2
	minfraccall = 0.95
	minconcur = 0.75
	sitemask = ./data/sitemask_BG505.txt
	purgeread = 0
	purgebc = 0
	bcinfo = False
	name = mut-virus-2c-17D4-3500ug
	R1 = ['BG505_mut_virus_rep2c_17D4-3500ug_R1.fastq.gz']

2018-09-10 16:49:09,025 - INFO - Read refseq of 2583 codons from ./data/BG505.W6.C2.T332N_env.fasta
2018-09-10 16:49:09,030 - INFO - Reads are in these FASTQ pairs:
	../FASTQ_files/BG505_mut_virus_rep2c_17D4-3500ug_R1.fastq.gz and ../FASTQ_files/BG505_mut_virus_rep2c_17D4-3500ug_R2.fastq.gz

2018-09-10 16:49:09,030 - INFO - Now parsing read pairs...
2018-09-10 16:49:47,366 - INFO - Reads parsed so far: 500000
2018-09-10 16:50:26,066 - INFO - Reads parsed so far: 1000000
2018-09-10 16:51:03,137 - INFO - Reads parsed so far: 1500000
2018-09-10 16:51:38,297 - INFO - Reads parsed so far: 2000000
2018-09-10 16:52:17,785 - INFO - Reads parsed so far: 2500000
2018-09-10 16:52:53,901 - INFO - Reads parsed so far: 3000000
2018-09-10 16:53:29,167 - INFO - Reads parsed so far: 3500000
2018-09-10 16:54:04,518 - INFO - Reads parsed so far: 4000000
2018-09-10 16:54:41,270 - INFO - Reads parsed so far: 4500000
2018-09-10 16:55:23,219 - INFO - Reads parsed so far: 5000000
2018-09-10 16:55:29,622 - INFO - Parsed 5087125 reads, found 1393193 unique barcodes.
2018-09-10 16:55:29,650 - INFO - Summary stats on reads:
total  fail filter  low Q barcode
5087125       103623         290442
2018-09-10 16:55:29,650 - INFO - Writing these stats to ./results/codoncounts/mut-virus-2c-17D4-3500ug_readstats.csv

2018-09-10 16:55:31,086 - INFO - Number of reads per barcode:
                 number of barcodes
number of reads                    
1                            285493
2                            251820
3                            265953
4                            226495
5                            161986
6                             99940
7                             54674
8                             26756
9                             12039
10                             4879
11                             1964
12                              778
13                              258
14                               98
15                               37
16                               16
17                                4
18                                1
20                                1
28                                1
2018-09-10 16:55:31,090 - INFO - Writing these stats to ./results/codoncounts/mut-virus-2c-17D4-3500ug_readsperbc.csv

2018-09-10 16:55:31,094 - INFO - Examining the 1393193 barcodes to build and align subamplicons...
2018-09-10 16:56:16,840 - INFO - Barcodes examined so far: 200000
2018-09-10 16:57:01,926 - INFO - Barcodes examined so far: 400000
2018-09-10 16:57:44,644 - INFO - Barcodes examined so far: 600000
2018-09-10 16:58:25,089 - INFO - Barcodes examined so far: 800000
2018-09-10 16:59:00,811 - INFO - Barcodes examined so far: 1000000
2018-09-10 16:59:33,812 - INFO - Barcodes examined so far: 1200000
2018-09-10 16:59:50,065 - INFO - Examined all barcodes. Summary stats:
total  too few reads  not alignable  aligned
1393193         285493          84349  1023351
2018-09-10 16:59:50,069 - INFO - Writing these stats to ./results/codoncounts/mut-virus-2c-17D4-3500ug_bcstats.csv

2018-09-10 16:59:50,114 - INFO - Filtering to only sites listed in sitemask ./data/sitemask_BG505.txt
2018-09-10 16:59:50,177 - INFO - Filtered from 861 to 670 sites.
2018-09-10 16:59:50,178 - INFO - Writing the counts of each codon identity at each site to ./results/codoncounts/mut-virus-2c-17D4-3500ug_codoncounts.csv

2018-09-10 16:59:50,298 - INFO - Successful completion of dms2_bcsubamp
