2018-09-21 06:51:24,105 - INFO - Beginning execution of dms2_batch_bcsubamp in directory /fh/fast/bloom_j/computational_notebooks/adingens/2017/FusionPeptide_Antibodies/NHP_FP_Ab_Lineages_MAP

2018-09-21 06:51:24,106 - INFO - Progress is being logged to ./results/codoncounts/summary.log
2018-09-21 06:51:28,427 - INFO - Version information:
	Time and date: Fri Sep 21 06:51:24 2018
	Platform: Linux-3.13.0-143-generic-x86_64-with-debian-jessie-sid
	Python version: 3.6.5 |Anaconda, Inc.| (default, Apr 29 2018, 16:14:56)  [GCC 7.2.0]
	dms_tools2 version: 2.2.9
	Bio version: 1.72
	HTSeq version: 0.10.0
	pandas version: 0.23.3
	numpy version: 1.15.0
	IPython version: 6.4.0
	jupyter version: 1.0.0
	matplotlib version: 2.2.2
	plotnine version: 0.3.0
	natsort version: 5.3.3
	pystan version: 2.16.0.0
	scipy version: 1.1.0
	seaborn version: 0.9.0
	phydmslib version: 2.3.1
	statsmodels version: 0.9.0
	rpy2 version: 2.9.1

2018-09-21 06:51:28,428 - INFO - Parsed the following arguments:
	outdir = ./results/codoncounts
	ncpus = 14
	use_existing = yes
	refseq = ./data/BG505.W6.C2.T332N_env.fasta
	alignspecs = ['87,375,39,36', '376,666,36,39', '663,954,33,41', '955,1228,33,37', '1228,1527,34,35', '1527,1815,32,39', '1816,2098,36,41']
	bclen = 8
	fastqdir = ./results/FASTQ_files/
	R2 = None
	R1trim = [200]
	R2trim = [170]
	bclen2 = None
	chartype = codon
	maxmuts = 4
	minq = 15
	minreads = 2
	minfraccall = 0.95
	minconcur = 0.75
	sitemask = ./data/sitemask_BG505.txt
	purgeread = 0
	purgebc = 0
	bcinfo = False
	batchfile = ./results/codoncounts/batch.csv
	summaryprefix = summary

2018-09-21 06:51:28,438 - INFO - Parsing sample info from ./results/codoncounts/batch.csv
2018-09-21 06:51:28,481 - INFO - Read the following sample information:
name,R1
mut-virus-1b-DF1W314-60ug,BG505_mut_virus_1b_DF1W314-60ug_R1.fastq.gz
mut-virus-2c-17D4-3500ug,BG505_mut_virus_rep2c_17D4-3500ug_R1.fastq.gz
wt-virus-1b,BG505_wt_virus_1b_R1.fastq.gz
mut-virus-2c-DF1W203-275ug,BG505_mut_virus_rep2c_DF1W203-275ug_R1.fastq.gz
mut-virus-1b,BG505_mut_virus_1b_R1.fastq.gz
mut-virus-2c-17D4-4200ug,BG505_mut_virus_rep2c_17D4-4200ug_R1.fastq.gz
mut-virus-2c-110D12-400ug,BG505_mut_virus_rep2c_110D12-400ug_R1.fastq.gz
mut-virus-1b-DF1W203-130ug,BG505_mut_virus_1b_DF1W203-130ug_R1.fastq.gz
mut-virus-1b-106E6-375ug,BG505_mut_virus_1b_106E6-375ug_R1.fastq.gz
mut-virus-2c-DF1W314-60ug,BG505_mut_virus_rep2c_DF1W314-60ug_R1.fastq.gz
wt-virus-2c,BG505_wt_virus_rep2c_R1.fastq.gz
mut-virus-2c-OPV20-1750ug,BG505_mut_virus_rep2c_OPV20-1750ug_R1.fastq.gz
mut-virus-3c-17D4-5000ug,BG505_mut_virus_rep3c_17D4-5000ug_R1.fastq.gz
mut-virus-2c-110D12-700ug,BG505_mut_virus_rep2c_110D12-700ug_R1.fastq.gz
mut-virus-2c-OPV12-4000ug,BG505_mut_virus_rep2c_OPV12-4000ug_R1.fastq.gz
wt-virus-3c,BG505_wt_virus_rep3c_R1.fastq.gz
mut-virus-2b,BG505_mut_virus_2b_R1.fastq.gz
wt-DNA-1,BG505_wt-DNA_1_R1.fastq.gz
wt-virus-3b,BG505_wt_virus_3b_R1.fastq.gz
mut-virus-3c-DF1W314-160ug,BG505_mut_virus_rep3c_DF1W314-160ug_R1.fastq.gz
mut-virus-2c,BG505_mut_virus_rep2c_R1.fastq.gz
wt-DNA-3,BG505_wt-DNA_3_R1.fastq.gz
mut-virus-3c-110D12-400ug,BG505_mut_virus_rep3c_110D12-400ug_R1.fastq.gz
wt-DNA-2,BG505_wt-DNA_2_R1.fastq.gz
mut-virus-3c-OPV20-1750ug,BG505_mut_virus_rep3c_OPV20-1750ug_R1.fastq.gz
mut-virus-3c-OPV12-3600ug,BG505_mut_virus_rep3c_OPV12-3600ug_R1.fastq.gz
wt-virus-2b,BG505_wt_virus_2b_R1.fastq.gz
mut-virus-3b,BG505_mut_virus_3b_R1.fastq.gz
mut-virus-3c-DF1W203-400ug,BG505_mut_virus_rep3c_DF1W203-400ug_R1.fastq.gz
mut-virus-2c-DF1W314-80ug,BG505_mut_virus_rep2c_DF1W314-80ug_R1.fastq.gz
mut-virus-3c,BG505_mut_virus_rep3c_R1.fastq.gz
mut-virus-2b-106E6-375ug,BG505_mut_virus_2b_106E6_375ug_R1.fastq.gz
mut-virus-1b-106B6-375ug,BG505_mut_virus_1b_106B6-375ug_R1.fastq.gz
mut-virus-3c-DF1W314-80ug,BG505_mut_virus_rep3c_DF1W314-80ug_R1.fastq.gz
mut-virus-2b-106B6-375ug,BG505_mut_virus_2b_106B6_375ug_R1.fastq.gz


2018-09-21 06:51:28,483 - INFO - Running dms2_bcsubamp on all samples using 14 CPUs...
2018-09-21 07:07:10,448 - INFO - Completed runs of dms2_bcsubamp.

2018-09-21 07:07:10,583 - INFO - Plotting read stats to ./results/codoncounts/summary_readstats.pdf
2018-09-21 07:07:12,137 - INFO - Plotting barcode stats to ./results/codoncounts/summary_bcstats.pdf
2018-09-21 07:07:12,870 - INFO - Plotting reads per barcode to ./results/codoncounts/summary_readsperbc.pdf
2018-09-21 07:07:16,134 - INFO - Plotting count depth to ./results/codoncounts/summary_depth.pdf
2018-09-21 07:07:20,009 - INFO - Plotting mutation frequencies to ./results/codoncounts/summary_mutfreq.pdf
2018-09-21 07:07:48,484 - INFO - Plotting average frequencies of codon mutation types to ./results/codoncounts/summary_codonmuttypes.pdf, writing the data to ./results/codoncounts/summary_codonmuttypes.csv
2018-09-21 07:08:14,608 - INFO - Plotting average frequencies of nucleotide changes per codon mutation to ./results/codoncounts/summary_codonntchanges.pdf
2018-09-21 07:08:40,376 - INFO - Plotting frequencies of nucleotide changes in 1-nucleotide mutations to ./results/codoncounts/summary_singlentchanges.pdf
2018-09-21 07:09:06,925 - INFO - Plotting fraction of mutations seen less than some number of times to ./results/codoncounts/summary_cumulmutcounts.pdf
2018-09-21 07:09:43,193 - INFO - Successful completion of dms2_batch_bcsubamp
