2018-09-21 06:54:45,931 - INFO - Beginning execution of dms2_bcsubamp in directory /fh/fast/bloom_j/computational_notebooks/adingens/2017/FusionPeptide_Antibodies/NHP_FP_Ab_Lineages_MAP

2018-09-21 06:54:45,932 - INFO - Progress is being logged to ./results/codoncounts/wt-DNA-1.log
2018-09-21 06:54:50,472 - INFO - Version information:
	Time and date: Fri Sep 21 06:54:45 2018
	Platform: Linux-3.13.0-143-generic-x86_64-with-debian-jessie-sid
	Python version: 3.6.5 |Anaconda, Inc.| (default, Apr 29 2018, 16:14:56)  [GCC 7.2.0]
	dms_tools2 version: 2.2.9
	Bio version: 1.72
	HTSeq version: 0.10.0
	pandas version: 0.23.3
	numpy version: 1.15.0
	IPython version: 6.4.0
	jupyter version: 1.0.0
	matplotlib version: 2.2.2
	plotnine version: 0.3.0
	natsort version: 5.3.3
	pystan version: 2.16.0.0
	scipy version: 1.1.0
	seaborn version: 0.9.0
	phydmslib version: 2.3.1
	statsmodels version: 0.9.0
	rpy2 version: 2.9.1

2018-09-21 06:54:50,473 - INFO - Parsed the following arguments:
	outdir = ./results/codoncounts
	ncpus = -1
	use_existing = yes
	refseq = ./data/BG505.W6.C2.T332N_env.fasta
	alignspecs = ['87,375,39,36', '376,666,36,39', '663,954,33,41', '955,1228,33,37', '1228,1527,34,35', '1527,1815,32,39', '1816,2098,36,41']
	bclen = 8
	fastqdir = ./results/FASTQ_files/
	R2 = None
	R1trim = [200]
	R2trim = [170]
	bclen2 = None
	chartype = codon
	maxmuts = 4
	minq = 15
	minreads = 2
	minfraccall = 0.95
	minconcur = 0.75
	sitemask = ./data/sitemask_BG505.txt
	purgeread = 0
	purgebc = 0
	bcinfo = False
	name = wt-DNA-1
	R1 = ['BG505_wt-DNA_1_R1.fastq.gz']

2018-09-21 06:54:50,524 - INFO - Read refseq of 2583 codons from ./data/BG505.W6.C2.T332N_env.fasta
2018-09-21 06:54:50,527 - INFO - Reads are in these FASTQ pairs:
	./results/FASTQ_files/BG505_wt-DNA_1_R1.fastq.gz and ./results/FASTQ_files/BG505_wt-DNA_1_R2.fastq.gz

2018-09-21 06:54:50,527 - INFO - Now parsing read pairs...
2018-09-21 06:55:02,727 - INFO - Reads parsed so far: 500000
2018-09-21 06:55:14,200 - INFO - Reads parsed so far: 1000000
2018-09-21 06:55:25,904 - INFO - Reads parsed so far: 1500000
2018-09-21 06:55:37,413 - INFO - Reads parsed so far: 2000000
2018-09-21 06:55:48,938 - INFO - Reads parsed so far: 2500000
2018-09-21 06:56:00,667 - INFO - Reads parsed so far: 3000000
2018-09-21 06:56:11,518 - INFO - Reads parsed so far: 3500000
2018-09-21 06:56:23,883 - INFO - Reads parsed so far: 4000000
2018-09-21 06:56:34,654 - INFO - Reads parsed so far: 4500000
2018-09-21 06:56:47,205 - INFO - Reads parsed so far: 5000000
2018-09-21 06:56:58,039 - INFO - Reads parsed so far: 5500000
2018-09-21 06:57:08,894 - INFO - Reads parsed so far: 6000000
2018-09-21 06:57:22,151 - INFO - Reads parsed so far: 6500000
2018-09-21 06:57:32,943 - INFO - Reads parsed so far: 7000000
2018-09-21 06:57:43,823 - INFO - Reads parsed so far: 7500000
2018-09-21 06:57:54,852 - INFO - Reads parsed so far: 8000000
2018-09-21 06:58:05,853 - INFO - Reads parsed so far: 8500000
2018-09-21 06:58:20,149 - INFO - Reads parsed so far: 9000000
2018-09-21 06:58:31,351 - INFO - Reads parsed so far: 9500000
2018-09-21 06:58:42,292 - INFO - Reads parsed so far: 10000000
2018-09-21 06:58:53,311 - INFO - Reads parsed so far: 10500000
2018-09-21 06:59:04,368 - INFO - Reads parsed so far: 11000000
2018-09-21 06:59:15,400 - INFO - Reads parsed so far: 11500000
2018-09-21 06:59:26,436 - INFO - Reads parsed so far: 12000000
2018-09-21 06:59:42,486 - INFO - Reads parsed so far: 12500000
2018-09-21 06:59:53,556 - INFO - Reads parsed so far: 13000000
2018-09-21 07:00:04,636 - INFO - Reads parsed so far: 13500000
2018-09-21 07:00:15,602 - INFO - Reads parsed so far: 14000000
2018-09-21 07:00:26,556 - INFO - Reads parsed so far: 14500000
2018-09-21 07:00:37,515 - INFO - Reads parsed so far: 15000000
2018-09-21 07:00:48,893 - INFO - Reads parsed so far: 15500000
2018-09-21 07:01:00,551 - INFO - Reads parsed so far: 16000000
2018-09-21 07:01:12,254 - INFO - Reads parsed so far: 16500000
2018-09-21 07:01:23,935 - INFO - Reads parsed so far: 17000000
2018-09-21 07:01:43,886 - INFO - Reads parsed so far: 17500000
2018-09-21 07:01:55,362 - INFO - Reads parsed so far: 18000000
2018-09-21 07:02:06,776 - INFO - Reads parsed so far: 18500000
2018-09-21 07:02:17,864 - INFO - Reads parsed so far: 19000000
2018-09-21 07:02:29,338 - INFO - Reads parsed so far: 19500000
2018-09-21 07:02:41,078 - INFO - Reads parsed so far: 20000000
2018-09-21 07:02:44,494 - INFO - Parsed 20148353 reads, found 9169534 unique barcodes.
2018-09-21 07:02:44,500 - INFO - Summary stats on reads:
total  fail filter  low Q barcode
20148353            0        2192947
2018-09-21 07:02:44,500 - INFO - Writing these stats to ./results/codoncounts/wt-DNA-1_readstats.csv

2018-09-21 07:02:47,489 - INFO - Number of reads per barcode:
                 number of barcodes
number of reads                    
1                           5101580
2                           1627533
3                           1156418
4                            685904
5                            348041
6                            154697
7                             61752
8                             22508
9                              7550
10                             2426
11                              771
12                              250
13                               71
14                               25
15                                3
16                                1
17                                1
18                                2
97                                1
2018-09-21 07:02:47,490 - INFO - Writing these stats to ./results/codoncounts/wt-DNA-1_readsperbc.csv

2018-09-21 07:02:47,497 - INFO - Examining the 9169534 barcodes to build and align subamplicons...
2018-09-21 07:02:56,393 - INFO - Barcodes examined so far: 200000
2018-09-21 07:03:04,987 - INFO - Barcodes examined so far: 400000
2018-09-21 07:03:13,397 - INFO - Barcodes examined so far: 600000
2018-09-21 07:03:21,693 - INFO - Barcodes examined so far: 800000
2018-09-21 07:03:29,753 - INFO - Barcodes examined so far: 1000000
2018-09-21 07:03:37,855 - INFO - Barcodes examined so far: 1200000
2018-09-21 07:03:46,135 - INFO - Barcodes examined so far: 1400000
2018-09-21 07:03:54,053 - INFO - Barcodes examined so far: 1600000
2018-09-21 07:04:01,924 - INFO - Barcodes examined so far: 1800000
2018-09-21 07:04:09,674 - INFO - Barcodes examined so far: 2000000
2018-09-21 07:04:17,261 - INFO - Barcodes examined so far: 2200000
2018-09-21 07:04:24,680 - INFO - Barcodes examined so far: 2400000
2018-09-21 07:04:31,925 - INFO - Barcodes examined so far: 2600000
2018-09-21 07:04:38,910 - INFO - Barcodes examined so far: 2800000
2018-09-21 07:04:45,807 - INFO - Barcodes examined so far: 3000000
2018-09-21 07:04:52,649 - INFO - Barcodes examined so far: 3200000
2018-09-21 07:04:59,343 - INFO - Barcodes examined so far: 3400000
2018-09-21 07:05:05,759 - INFO - Barcodes examined so far: 3600000
2018-09-21 07:05:11,994 - INFO - Barcodes examined so far: 3800000
2018-09-21 07:05:18,019 - INFO - Barcodes examined so far: 4000000
2018-09-21 07:05:24,011 - INFO - Barcodes examined so far: 4200000
2018-09-21 07:05:29,973 - INFO - Barcodes examined so far: 4400000
2018-09-21 07:05:35,747 - INFO - Barcodes examined so far: 4600000
2018-09-21 07:05:41,310 - INFO - Barcodes examined so far: 4800000
2018-09-21 07:05:46,669 - INFO - Barcodes examined so far: 5000000
2018-09-21 07:05:51,762 - INFO - Barcodes examined so far: 5200000
2018-09-21 07:05:56,522 - INFO - Barcodes examined so far: 5400000
2018-09-21 07:06:01,244 - INFO - Barcodes examined so far: 5600000
2018-09-21 07:06:05,584 - INFO - Barcodes examined so far: 5800000
2018-09-21 07:06:09,666 - INFO - Barcodes examined so far: 6000000
2018-09-21 07:06:13,569 - INFO - Barcodes examined so far: 6200000
2018-09-21 07:06:17,262 - INFO - Barcodes examined so far: 6400000
2018-09-21 07:06:20,722 - INFO - Barcodes examined so far: 6600000
2018-09-21 07:06:24,010 - INFO - Barcodes examined so far: 6800000
2018-09-21 07:06:27,065 - INFO - Barcodes examined so far: 7000000
2018-09-21 07:06:29,854 - INFO - Barcodes examined so far: 7200000
2018-09-21 07:06:32,433 - INFO - Barcodes examined so far: 7400000
2018-09-21 07:06:34,801 - INFO - Barcodes examined so far: 7600000
2018-09-21 07:06:36,880 - INFO - Barcodes examined so far: 7800000
2018-09-21 07:06:38,648 - INFO - Barcodes examined so far: 8000000
2018-09-21 07:06:40,151 - INFO - Barcodes examined so far: 8200000
2018-09-21 07:06:41,414 - INFO - Barcodes examined so far: 8400000
2018-09-21 07:06:42,444 - INFO - Barcodes examined so far: 8600000
2018-09-21 07:06:43,204 - INFO - Barcodes examined so far: 8800000
2018-09-21 07:06:43,673 - INFO - Barcodes examined so far: 9000000
2018-09-21 07:06:43,860 - INFO - Examined all barcodes. Summary stats:
total  too few reads  not alignable  aligned
9169534        5101580        1406738  2661216
2018-09-21 07:06:43,860 - INFO - Writing these stats to ./results/codoncounts/wt-DNA-1_bcstats.csv

2018-09-21 07:06:43,887 - INFO - Filtering to only sites listed in sitemask ./data/sitemask_BG505.txt
2018-09-21 07:06:43,907 - INFO - Filtered from 861 to 670 sites.
2018-09-21 07:06:43,907 - INFO - Writing the counts of each codon identity at each site to ./results/codoncounts/wt-DNA-1_codoncounts.csv

2018-09-21 07:06:43,946 - INFO - Successful completion of dms2_bcsubamp
