2018-09-10 17:29:38,412 - INFO - Beginning execution of dms2_bcsubamp in directory /fh/fast/bloom_j/computational_notebooks/adingens/2017/FusionPeptide_Antibodies/NHP_FP_Ab_Lineages_MAP

2018-09-10 17:29:38,412 - INFO - Progress is being logged to ./results/codoncounts/wt-virus-3b.log
2018-09-10 17:29:44,775 - INFO - Version information:
	Time and date: Mon Sep 10 17:29:38 2018
	Platform: Linux-3.13.0-143-generic-x86_64-with-debian-jessie-sid
	Python version: 3.6.5 |Anaconda, Inc.| (default, Apr 29 2018, 16:14:56)  [GCC 7.2.0]
	dms_tools2 version: 2.2.9
	Bio version: 1.72
	HTSeq version: 0.10.0
	pandas version: 0.23.3
	numpy version: 1.15.0
	IPython version: 6.4.0
	jupyter version: 1.0.0
	matplotlib version: 2.2.2
	plotnine version: 0.3.0
	natsort version: 5.3.3
	pystan version: 2.16.0.0
	scipy version: 1.1.0
	seaborn version: 0.9.0
	phydmslib version: 2.3.1
	statsmodels version: 0.9.0
	rpy2 version: 2.9.1

2018-09-10 17:29:44,776 - INFO - Parsed the following arguments:
	outdir = ./results/codoncounts
	ncpus = -1
	use_existing = yes
	refseq = ./data/BG505.W6.C2.T332N_env.fasta
	alignspecs = ['87,375,39,36', '376,666,36,39', '663,954,33,41', '955,1228,33,37', '1228,1527,34,35', '1527,1815,32,39', '1816,2098,36,41']
	bclen = 8
	fastqdir = ../FASTQ_files/
	R2 = None
	R1trim = [200]
	R2trim = [170]
	bclen2 = None
	chartype = codon
	maxmuts = 4
	minq = 15
	minreads = 2
	minfraccall = 0.95
	minconcur = 0.75
	sitemask = ./data/sitemask_BG505.txt
	purgeread = 0
	purgebc = 0
	bcinfo = False
	name = wt-virus-3b
	R1 = ['BG505_wt_virus_3b_R1.fastq.gz']

2018-09-10 17:29:44,803 - INFO - Read refseq of 2583 codons from ./data/BG505.W6.C2.T332N_env.fasta
2018-09-10 17:29:44,833 - INFO - Reads are in these FASTQ pairs:
	../FASTQ_files/BG505_wt_virus_3b_R1.fastq.gz and ../FASTQ_files/BG505_wt_virus_3b_R2.fastq.gz

2018-09-10 17:29:44,833 - INFO - Now parsing read pairs...
2018-09-10 17:30:25,387 - INFO - Reads parsed so far: 500000
2018-09-10 17:31:05,597 - INFO - Reads parsed so far: 1000000
2018-09-10 17:31:42,852 - INFO - Reads parsed so far: 1500000
2018-09-10 17:32:19,215 - INFO - Reads parsed so far: 2000000
2018-09-10 17:32:23,036 - INFO - Parsed 2014704 reads, found 1365373 unique barcodes.
2018-09-10 17:32:23,051 - INFO - Summary stats on reads:
total  fail filter  low Q barcode
2014704        77578         194299
2018-09-10 17:32:23,051 - INFO - Writing these stats to ./results/codoncounts/wt-virus-3b_readstats.csv

2018-09-10 17:32:24,483 - INFO - Number of reads per barcode:
                 number of barcodes
number of reads                    
1                           1069441
2                            229591
3                             53617
4                             10616
5                              1803
6                               267
7                                32
8                                 6
2018-09-10 17:32:24,494 - INFO - Writing these stats to ./results/codoncounts/wt-virus-3b_readsperbc.csv

2018-09-10 17:32:24,513 - INFO - Examining the 1365373 barcodes to build and align subamplicons...
2018-09-10 17:32:40,008 - INFO - Barcodes examined so far: 200000
2018-09-10 17:32:52,865 - INFO - Barcodes examined so far: 400000
2018-09-10 17:33:04,441 - INFO - Barcodes examined so far: 600000
2018-09-10 17:33:13,782 - INFO - Barcodes examined so far: 800000
2018-09-10 17:33:20,561 - INFO - Barcodes examined so far: 1000000
2018-09-10 17:33:24,982 - INFO - Barcodes examined so far: 1200000
2018-09-10 17:33:26,442 - INFO - Examined all barcodes. Summary stats:
total  too few reads  not alignable  aligned
1365373        1069441          40458   255474
2018-09-10 17:33:26,442 - INFO - Writing these stats to ./results/codoncounts/wt-virus-3b_bcstats.csv

2018-09-10 17:33:26,500 - INFO - Filtering to only sites listed in sitemask ./data/sitemask_BG505.txt
2018-09-10 17:33:26,592 - INFO - Filtered from 861 to 670 sites.
2018-09-10 17:33:26,595 - INFO - Writing the counts of each codon identity at each site to ./results/codoncounts/wt-virus-3b_codoncounts.csv

2018-09-10 17:33:26,716 - INFO - Successful completion of dms2_bcsubamp
