2018-09-10 17:09:00,345 - INFO - Beginning execution of dms2_bcsubamp in directory /fh/fast/bloom_j/computational_notebooks/adingens/2017/FusionPeptide_Antibodies/NHP_FP_Ab_Lineages_MAP

2018-09-10 17:09:00,345 - INFO - Progress is being logged to ./results/codoncounts/wt-virus-2c.log
2018-09-10 17:09:07,840 - INFO - Version information:
	Time and date: Mon Sep 10 17:09:00 2018
	Platform: Linux-3.13.0-143-generic-x86_64-with-debian-jessie-sid
	Python version: 3.6.5 |Anaconda, Inc.| (default, Apr 29 2018, 16:14:56)  [GCC 7.2.0]
	dms_tools2 version: 2.2.9
	Bio version: 1.72
	HTSeq version: 0.10.0
	pandas version: 0.23.3
	numpy version: 1.15.0
	IPython version: 6.4.0
	jupyter version: 1.0.0
	matplotlib version: 2.2.2
	plotnine version: 0.3.0
	natsort version: 5.3.3
	pystan version: 2.16.0.0
	scipy version: 1.1.0
	seaborn version: 0.9.0
	phydmslib version: 2.3.1
	statsmodels version: 0.9.0
	rpy2 version: 2.9.1

2018-09-10 17:09:07,841 - INFO - Parsed the following arguments:
	outdir = ./results/codoncounts
	ncpus = -1
	use_existing = yes
	refseq = ./data/BG505.W6.C2.T332N_env.fasta
	alignspecs = ['87,375,39,36', '376,666,36,39', '663,954,33,41', '955,1228,33,37', '1228,1527,34,35', '1527,1815,32,39', '1816,2098,36,41']
	bclen = 8
	fastqdir = ../FASTQ_files/
	R2 = None
	R1trim = [200]
	R2trim = [170]
	bclen2 = None
	chartype = codon
	maxmuts = 4
	minq = 15
	minreads = 2
	minfraccall = 0.95
	minconcur = 0.75
	sitemask = ./data/sitemask_BG505.txt
	purgeread = 0
	purgebc = 0
	bcinfo = False
	name = wt-virus-2c
	R1 = ['BG505_wt_virus_rep2c_R1.fastq.gz']

2018-09-10 17:09:07,881 - INFO - Read refseq of 2583 codons from ./data/BG505.W6.C2.T332N_env.fasta
2018-09-10 17:09:07,937 - INFO - Reads are in these FASTQ pairs:
	../FASTQ_files/BG505_wt_virus_rep2c_R1.fastq.gz and ../FASTQ_files/BG505_wt_virus_rep2c_R2.fastq.gz

2018-09-10 17:09:07,937 - INFO - Now parsing read pairs...
2018-09-10 17:09:47,608 - INFO - Reads parsed so far: 500000
2018-09-10 17:10:25,648 - INFO - Reads parsed so far: 1000000
2018-09-10 17:11:02,160 - INFO - Reads parsed so far: 1500000
2018-09-10 17:11:40,974 - INFO - Reads parsed so far: 2000000
2018-09-10 17:12:16,715 - INFO - Reads parsed so far: 2500000
2018-09-10 17:12:56,330 - INFO - Reads parsed so far: 3000000
2018-09-10 17:13:32,242 - INFO - Reads parsed so far: 3500000
2018-09-10 17:14:08,449 - INFO - Reads parsed so far: 4000000
2018-09-10 17:14:43,944 - INFO - Reads parsed so far: 4500000
2018-09-10 17:14:55,127 - INFO - Parsed 4656352 reads, found 1208993 unique barcodes.
2018-09-10 17:14:55,132 - INFO - Summary stats on reads:
total  fail filter  low Q barcode
4656352        95270         272591
2018-09-10 17:14:55,145 - INFO - Writing these stats to ./results/codoncounts/wt-virus-2c_readstats.csv

2018-09-10 17:14:56,174 - INFO - Number of reads per barcode:
                 number of barcodes
number of reads                    
1                            234747
2                            196053
3                            220867
4                            199005
5                            149882
6                             98696
7                             56955
8                             29105
9                             13595
10                             6044
11                             2475
12                              941
13                              383
14                              143
15                               56
16                               26
17                               10
18                                7
19                                1
20                                1
22                                1
2018-09-10 17:14:56,181 - INFO - Writing these stats to ./results/codoncounts/wt-virus-2c_readsperbc.csv

2018-09-10 17:14:56,187 - INFO - Examining the 1208993 barcodes to build and align subamplicons...
2018-09-10 17:15:40,068 - INFO - Barcodes examined so far: 200000
2018-09-10 17:16:21,660 - INFO - Barcodes examined so far: 400000
2018-09-10 17:17:01,492 - INFO - Barcodes examined so far: 600000
2018-09-10 17:17:41,884 - INFO - Barcodes examined so far: 800000
2018-09-10 17:18:15,901 - INFO - Barcodes examined so far: 1000000
2018-09-10 17:18:34,062 - INFO - Barcodes examined so far: 1200000
2018-09-10 17:18:34,150 - INFO - Examined all barcodes. Summary stats:
total  too few reads  not alignable  aligned
1208993         234747          73126   901120
2018-09-10 17:18:34,150 - INFO - Writing these stats to ./results/codoncounts/wt-virus-2c_bcstats.csv

2018-09-10 17:18:34,207 - INFO - Filtering to only sites listed in sitemask ./data/sitemask_BG505.txt
2018-09-10 17:18:34,236 - INFO - Filtered from 861 to 670 sites.
2018-09-10 17:18:34,241 - INFO - Writing the counts of each codon identity at each site to ./results/codoncounts/wt-virus-2c_codoncounts.csv

2018-09-10 17:18:34,329 - INFO - Successful completion of dms2_bcsubamp
