2018-09-21 06:54:40,670 - INFO - Beginning execution of dms2_bcsubamp in directory /fh/fast/bloom_j/computational_notebooks/adingens/2017/FusionPeptide_Antibodies/NHP_FP_Ab_Lineages_MAP

2018-09-21 06:54:40,670 - INFO - Progress is being logged to ./results/codoncounts/wt-virus-3c.log
2018-09-21 06:54:44,936 - INFO - Version information:
	Time and date: Fri Sep 21 06:54:40 2018
	Platform: Linux-3.13.0-143-generic-x86_64-with-debian-jessie-sid
	Python version: 3.6.5 |Anaconda, Inc.| (default, Apr 29 2018, 16:14:56)  [GCC 7.2.0]
	dms_tools2 version: 2.2.9
	Bio version: 1.72
	HTSeq version: 0.10.0
	pandas version: 0.23.3
	numpy version: 1.15.0
	IPython version: 6.4.0
	jupyter version: 1.0.0
	matplotlib version: 2.2.2
	plotnine version: 0.3.0
	natsort version: 5.3.3
	pystan version: 2.16.0.0
	scipy version: 1.1.0
	seaborn version: 0.9.0
	phydmslib version: 2.3.1
	statsmodels version: 0.9.0
	rpy2 version: 2.9.1

2018-09-21 06:54:44,938 - INFO - Parsed the following arguments:
	outdir = ./results/codoncounts
	ncpus = -1
	use_existing = yes
	refseq = ./data/BG505.W6.C2.T332N_env.fasta
	alignspecs = ['87,375,39,36', '376,666,36,39', '663,954,33,41', '955,1228,33,37', '1228,1527,34,35', '1527,1815,32,39', '1816,2098,36,41']
	bclen = 8
	fastqdir = ./results/FASTQ_files/
	R2 = None
	R1trim = [200]
	R2trim = [170]
	bclen2 = None
	chartype = codon
	maxmuts = 4
	minq = 15
	minreads = 2
	minfraccall = 0.95
	minconcur = 0.75
	sitemask = ./data/sitemask_BG505.txt
	purgeread = 0
	purgebc = 0
	bcinfo = False
	name = wt-virus-3c
	R1 = ['BG505_wt_virus_rep3c_R1.fastq.gz']

2018-09-21 06:54:44,991 - INFO - Read refseq of 2583 codons from ./data/BG505.W6.C2.T332N_env.fasta
2018-09-21 06:54:44,998 - INFO - Reads are in these FASTQ pairs:
	./results/FASTQ_files/BG505_wt_virus_rep3c_R1.fastq.gz and ./results/FASTQ_files/BG505_wt_virus_rep3c_R2.fastq.gz

2018-09-21 06:54:44,998 - INFO - Now parsing read pairs...
2018-09-21 06:54:56,742 - INFO - Reads parsed so far: 500000
2018-09-21 06:55:07,822 - INFO - Reads parsed so far: 1000000
2018-09-21 06:55:18,748 - INFO - Reads parsed so far: 1500000
2018-09-21 06:55:29,873 - INFO - Reads parsed so far: 2000000
2018-09-21 06:55:41,867 - INFO - Reads parsed so far: 2500000
2018-09-21 06:55:52,575 - INFO - Reads parsed so far: 3000000
2018-09-21 06:56:03,110 - INFO - Reads parsed so far: 3500000
2018-09-21 06:56:13,610 - INFO - Reads parsed so far: 4000000
2018-09-21 06:56:25,758 - INFO - Reads parsed so far: 4500000
2018-09-21 06:56:36,083 - INFO - Parsed 4991821 reads, found 1865298 unique barcodes.
2018-09-21 06:56:36,095 - INFO - Summary stats on reads:
total  fail filter  low Q barcode
4991821            0         307626
2018-09-21 06:56:36,095 - INFO - Writing these stats to ./results/codoncounts/wt-virus-3c_readstats.csv

2018-09-21 06:56:36,628 - INFO - Number of reads per barcode:
                 number of barcodes
number of reads                    
1                            641366
2                            434762
3                            349482
4                            225033
5                            120837
6                             56561
7                             23786
8                              8866
9                              3057
10                             1050
11                              338
12                              101
13                               37
14                               15
15                                3
16                                2
17                                1
18                                1
2018-09-21 06:56:36,628 - INFO - Writing these stats to ./results/codoncounts/wt-virus-3c_readsperbc.csv

2018-09-21 06:56:36,637 - INFO - Examining the 1865298 barcodes to build and align subamplicons...
2018-09-21 06:56:46,973 - INFO - Barcodes examined so far: 200000
2018-09-21 06:56:56,893 - INFO - Barcodes examined so far: 400000
2018-09-21 06:57:06,449 - INFO - Barcodes examined so far: 600000
2018-09-21 06:57:15,602 - INFO - Barcodes examined so far: 800000
2018-09-21 06:57:24,264 - INFO - Barcodes examined so far: 1000000
2018-09-21 06:57:32,200 - INFO - Barcodes examined so far: 1200000
2018-09-21 06:57:39,151 - INFO - Barcodes examined so far: 1400000
2018-09-21 06:57:44,636 - INFO - Barcodes examined so far: 1600000
2018-09-21 06:57:47,867 - INFO - Barcodes examined so far: 1800000
2018-09-21 06:57:48,147 - INFO - Examined all barcodes. Summary stats:
total  too few reads  not alignable  aligned
1865298         641366          97802  1126130
2018-09-21 06:57:48,147 - INFO - Writing these stats to ./results/codoncounts/wt-virus-3c_bcstats.csv

2018-09-21 06:57:48,173 - INFO - Filtering to only sites listed in sitemask ./data/sitemask_BG505.txt
2018-09-21 06:57:48,188 - INFO - Filtered from 861 to 670 sites.
2018-09-21 06:57:48,188 - INFO - Writing the counts of each codon identity at each site to ./results/codoncounts/wt-virus-3c_codoncounts.csv

2018-09-21 06:57:48,232 - INFO - Successful completion of dms2_bcsubamp
