2018-09-10 20:03:18,233 - INFO - Beginning execution of dms2_fracsurvive in directory /fh/fast/bloom_j/computational_notebooks/adingens/2017/FusionPeptide_Antibodies/NHP_FP_Ab_Lineages_MAP

2018-09-10 20:03:18,233 - INFO - Progress is being logged to ./results/fracsurvive/wtDNA_ctrl/106E6-375ug-rep-2b.log
2018-09-10 20:03:24,677 - INFO - Version information:
	Time and date: Mon Sep 10 20:03:18 2018
	Platform: Linux-3.13.0-143-generic-x86_64-with-debian-jessie-sid
	Python version: 3.6.5 |Anaconda, Inc.| (default, Apr 29 2018, 16:14:56)  [GCC 7.2.0]
	dms_tools2 version: 2.2.9
	Bio version: 1.72
	HTSeq version: 0.10.0
	pandas version: 0.23.3
	numpy version: 1.15.0
	IPython version: 6.4.0
	jupyter version: 1.0.0
	matplotlib version: 2.2.2
	plotnine version: 0.3.0
	natsort version: 5.3.3
	pystan version: 2.16.0.0
	scipy version: 1.1.0
	seaborn version: 0.9.0
	phydmslib version: 2.3.1
	statsmodels version: 0.9.0
	rpy2 version: 2.9.1

2018-09-10 20:03:24,678 - INFO - Parsed the following arguments:
	outdir = ./results/fracsurvive/wtDNA_ctrl
	ncpus = 2
	use_existing = yes
	indir = ./results/renumberedcounts
	chartype = codon_to_aa
	aboveavg = no
	excludestop = yes
	pseudocount = 5.0
	mincount = 0
	name = 106E6-375ug-rep-2b
	sel = mut-virus-2b-106E6-375ug
	mock = mut-virus-2b
	libfracsurvive = 0.071178508
	err = wt-DNA-2

2018-09-10 20:03:24,680 - INFO - Reading selected sample counts from mut-virus-2b-106E6-375ug
2018-09-10 20:03:24,708 - INFO - Reading mock-selected sample counts from mut-virus-2b
2018-09-10 20:03:24,718 - INFO - Reading error-control sample counts from wt-DNA-2
2018-09-10 20:03:24,728 - INFO - Computing fracsurvive for each mutation...
2018-09-10 20:03:29,968 - INFO - Mutations with largest mutfracsurvive:
site wildtype mutation  mutfracsurvive
532        A        S            0.77
513        V        F            0.62
518        V        G            0.60
514        G        L            0.53
512        A        Y            0.51
515        I        Y            0.51
516        G        N            0.51
515        I        P            0.47
514        G        V            0.47
516        G        M            0.43

2018-09-10 20:03:29,968 - INFO - Writing to ./results/fracsurvive/wtDNA_ctrl/106E6-375ug-rep-2b_mutfracsurvive.csv
2018-09-10 20:03:30,011 - INFO - Computing sitefracsurvive...
2018-09-10 20:03:30,029 - INFO - Sites with largest avgfracsurvive:
site  avgfracsurvive  maxfracsurvive
516            0.28            0.51
514            0.24            0.53
515            0.22            0.51
513            0.21            0.62
512            0.20            0.51
518            0.14            0.60
519            0.13            0.30
532            0.12            0.77
517            0.10            0.35
291            0.10            0.38

2018-09-10 20:03:30,029 - INFO - Writing to ./results/fracsurvive/wtDNA_ctrl/106E6-375ug-rep-2b_sitefracsurvive.csv
2018-09-10 20:03:30,036 - INFO - Successful completion of dms2_fracsurvive
