2018-09-21 07:11:54,921 - INFO - Beginning execution of dms2_fracsurvive in directory /fh/fast/bloom_j/computational_notebooks/adingens/2017/FusionPeptide_Antibodies/NHP_FP_Ab_Lineages_MAP

2018-09-21 07:11:54,921 - INFO - Progress is being logged to ./results/fracsurvive/wtDNA_ctrl/17D4-5000ug-rep-3c.log
2018-09-21 07:12:08,802 - INFO - Version information:
	Time and date: Fri Sep 21 07:11:54 2018
	Platform: Linux-3.13.0-143-generic-x86_64-with-debian-jessie-sid
	Python version: 3.6.5 |Anaconda, Inc.| (default, Apr 29 2018, 16:14:56)  [GCC 7.2.0]
	dms_tools2 version: 2.2.9
	Bio version: 1.72
	HTSeq version: 0.10.0
	pandas version: 0.23.3
	numpy version: 1.15.0
	IPython version: 6.4.0
	jupyter version: 1.0.0
	matplotlib version: 2.2.2
	plotnine version: 0.3.0
	natsort version: 5.3.3
	pystan version: 2.16.0.0
	scipy version: 1.1.0
	seaborn version: 0.9.0
	phydmslib version: 2.3.1
	statsmodels version: 0.9.0
	rpy2 version: 2.9.1

2018-09-21 07:12:08,805 - INFO - Parsed the following arguments:
	outdir = ./results/fracsurvive/wtDNA_ctrl
	ncpus = 1
	use_existing = yes
	indir = ./results/renumberedcounts
	chartype = codon_to_aa
	aboveavg = no
	excludestop = yes
	pseudocount = 5.0
	mincount = 0
	name = 17D4-5000ug-rep-3c
	sel = mut-virus-3c-17D4-5000ug
	mock = mut-virus-3c
	libfracsurvive = 0.051157213
	err = wt-DNA-3

2018-09-21 07:12:08,812 - INFO - Reading selected sample counts from mut-virus-3c-17D4-5000ug
2018-09-21 07:12:08,849 - INFO - Reading mock-selected sample counts from mut-virus-3c
2018-09-21 07:12:08,874 - INFO - Reading error-control sample counts from wt-DNA-3
2018-09-21 07:12:08,886 - INFO - Computing fracsurvive for each mutation...
2018-09-21 07:12:14,139 - INFO - Mutations with largest mutfracsurvive:
site wildtype mutation  mutfracsurvive
513        V        F            1.08
518        V        G            0.67
514        G        N            0.52
518        V        F            0.52
512        A        V            0.50
514        G        A            0.48
 85        H        N            0.46
514        G        P            0.42
512        A        E            0.42
519        F        I            0.42

2018-09-21 07:12:14,145 - INFO - Writing to ./results/fracsurvive/wtDNA_ctrl/17D4-5000ug-rep-3c_mutfracsurvive.csv
2018-09-21 07:12:14,263 - INFO - Computing sitefracsurvive...
2018-09-21 07:12:14,291 - INFO - Sites with largest avgfracsurvive:
site  avgfracsurvive  maxfracsurvive
514            0.24            0.52
512            0.20            0.50
 85            0.19            0.46
513            0.18            1.08
516            0.16            0.34
515            0.16            0.40
 84            0.15            0.28
518            0.14            0.67
524            0.13            0.26
229            0.12            0.24

2018-09-21 07:12:14,296 - INFO - Writing to ./results/fracsurvive/wtDNA_ctrl/17D4-5000ug-rep-3c_sitefracsurvive.csv
2018-09-21 07:12:14,308 - INFO - Successful completion of dms2_fracsurvive
