2018-09-10 20:07:15,414 - INFO - Beginning execution of dms2_logoplot in directory /fh/fast/bloom_j/computational_notebooks/adingens/2017/FusionPeptide_Antibodies/NHP_FP_Ab_Lineages_MAP

2018-09-10 20:07:15,414 - INFO - Progress is being logged to ./results/fracsurvive/wtDNA_ctrl/DF1W203-median.log
2018-09-10 20:07:17,707 - INFO - Version information:
	Time and date: Mon Sep 10 20:07:15 2018
	Platform: Linux-3.13.0-143-generic-x86_64-with-debian-jessie-sid
	Python version: 3.6.5 |Anaconda, Inc.| (default, Apr 29 2018, 16:14:56)  [GCC 7.2.0]
	dms_tools2 version: 2.2.9
	Bio version: 1.72
	HTSeq version: 0.10.0
	pandas version: 0.23.3
	numpy version: 1.15.0
	IPython version: 6.4.0
	jupyter version: 1.0.0
	matplotlib version: 2.2.2
	plotnine version: 0.3.0
	natsort version: 5.3.3
	pystan version: 2.16.0.0
	scipy version: 1.1.0
	seaborn version: 0.9.0
	phydmslib version: 2.3.1
	statsmodels version: 0.9.0
	rpy2 version: 2.9.1

2018-09-10 20:07:17,707 - INFO - Parsed the following arguments:
	outdir = ./results/fracsurvive/wtDNA_ctrl
	ncpus = -1
	use_existing = yes
	prefs = None
	diffsel = None
	fracsurvive = ./results/fracsurvive/wtDNA_ctrl/summary_DF1W203-medianmutfracsurvive.csv
	diffprefs = None
	name = DF1W203-median
	nperline = 84
	numberevery = 10
	excludestop = no
	stringency = 1
	restrictdiffsel = all
	diffselrange = None
	fracsurvivemax = None
	sortsites = yes
	mapmetric = functionalgroup
	colormap = jet
	overlay1 = ['./results/fracsurvive/wtDNA_ctrl/summary_DF1W203-medianmutfracsurvive.csv', 'wildtype', 'wildtype']
	overlay2 = None
	overlay3 = None
	underlay = yes
	scalebar = ['0.8', 'fraction surviving = 0.8']
	overlaycolormap = jet
	letterheight = 1
	ignore_extracols = no
	sepline = no

2018-09-10 20:07:17,710 - INFO - Reading fracsurvive from file ./results/fracsurvive/wtDNA_ctrl/summary_DF1W203-medianmutfracsurvive.csv...
2018-09-10 20:07:17,750 - INFO - Read data for 670 sites.

2018-09-10 20:07:17,795 - INFO - Reading overlay for wildtype from ./results/fracsurvive/wtDNA_ctrl/summary_DF1W203-medianmutfracsurvive.csv...
2018-09-10 20:07:17,863 - INFO - Read overlay for 670 sites.

2018-09-10 20:07:17,863 - INFO - Making logo plot ./results/fracsurvive/wtDNA_ctrl/DF1W203-median_fracsurvive.pdf...
2018-09-10 20:07:34,417 - INFO - Successfully created logo plot.

2018-09-10 20:07:34,418 - INFO - Successful completion of dms2_logoplot
