2018-09-21 07:12:16,181 - INFO - Beginning execution of dms2_fracsurvive in directory /fh/fast/bloom_j/computational_notebooks/adingens/2017/FusionPeptide_Antibodies/NHP_FP_Ab_Lineages_MAP

2018-09-21 07:12:16,181 - INFO - Progress is being logged to ./results/fracsurvive/wtDNA_ctrl/OPV12-4000ug-rep-2c.log
2018-09-21 07:12:21,458 - INFO - Version information:
	Time and date: Fri Sep 21 07:12:16 2018
	Platform: Linux-3.13.0-143-generic-x86_64-with-debian-jessie-sid
	Python version: 3.6.5 |Anaconda, Inc.| (default, Apr 29 2018, 16:14:56)  [GCC 7.2.0]
	dms_tools2 version: 2.2.9
	Bio version: 1.72
	HTSeq version: 0.10.0
	pandas version: 0.23.3
	numpy version: 1.15.0
	IPython version: 6.4.0
	jupyter version: 1.0.0
	matplotlib version: 2.2.2
	plotnine version: 0.3.0
	natsort version: 5.3.3
	pystan version: 2.16.0.0
	scipy version: 1.1.0
	seaborn version: 0.9.0
	phydmslib version: 2.3.1
	statsmodels version: 0.9.0
	rpy2 version: 2.9.1

2018-09-21 07:12:21,459 - INFO - Parsed the following arguments:
	outdir = ./results/fracsurvive/wtDNA_ctrl
	ncpus = 1
	use_existing = yes
	indir = ./results/renumberedcounts
	chartype = codon_to_aa
	aboveavg = no
	excludestop = yes
	pseudocount = 5.0
	mincount = 0
	name = OPV12-4000ug-rep-2c
	sel = mut-virus-2c-OPV12-4000ug
	mock = mut-virus-2c
	libfracsurvive = 0.008155111999999999
	err = wt-DNA-2

2018-09-21 07:12:21,462 - INFO - Reading selected sample counts from mut-virus-2c-OPV12-4000ug
2018-09-21 07:12:21,496 - INFO - Reading mock-selected sample counts from mut-virus-2c
2018-09-21 07:12:21,503 - INFO - Reading error-control sample counts from wt-DNA-2
2018-09-21 07:12:21,511 - INFO - Computing fracsurvive for each mutation...
2018-09-21 07:12:25,460 - INFO - Mutations with largest mutfracsurvive:
site wildtype mutation  mutfracsurvive
512        A        E            0.18
513        V        Y            0.17
512        A        Y            0.16
513        V        T            0.16
516        G        A            0.16
514        G        V            0.15
512        A        L            0.15
514        G        H            0.13
515        I        G            0.13
516        G        L            0.13

2018-09-21 07:12:25,461 - INFO - Writing to ./results/fracsurvive/wtDNA_ctrl/OPV12-4000ug-rep-2c_mutfracsurvive.csv
2018-09-21 07:12:25,503 - INFO - Computing sitefracsurvive...
2018-09-21 07:12:25,517 - INFO - Sites with largest avgfracsurvive:
site  avgfracsurvive  maxfracsurvive
512            0.07            0.18
516            0.07            0.16
514            0.07            0.15
513            0.06            0.17
515            0.06            0.13
518            0.04            0.12
517            0.02            0.07
524            0.02            0.07
519            0.02            0.05
521            0.02            0.08

2018-09-21 07:12:25,517 - INFO - Writing to ./results/fracsurvive/wtDNA_ctrl/OPV12-4000ug-rep-2c_sitefracsurvive.csv
2018-09-21 07:12:25,524 - INFO - Successful completion of dms2_fracsurvive
