2018-09-21 07:10:20,006 - INFO - Beginning execution of dms2_diffsel in directory /fh/fast/bloom_j/computational_notebooks/adingens/2017/FusionPeptide_Antibodies/NHP_FP_Ab_Lineages_MAP

2018-09-21 07:10:20,006 - INFO - Progress is being logged to ./results/diffsel/wtDNA_ctrl/106B6-375ug-rep-1b.log
2018-09-21 07:10:34,943 - INFO - Version information:
	Time and date: Fri Sep 21 07:10:20 2018
	Platform: Linux-3.13.0-143-generic-x86_64-with-debian-jessie-sid
	Python version: 3.6.5 |Anaconda, Inc.| (default, Apr 29 2018, 16:14:56)  [GCC 7.2.0]
	dms_tools2 version: 2.2.9
	Bio version: 1.72
	HTSeq version: 0.10.0
	pandas version: 0.23.3
	numpy version: 1.15.0
	IPython version: 6.4.0
	jupyter version: 1.0.0
	matplotlib version: 2.2.2
	plotnine version: 0.3.0
	natsort version: 5.3.3
	pystan version: 2.16.0.0
	scipy version: 1.1.0
	seaborn version: 0.9.0
	phydmslib version: 2.3.1
	statsmodels version: 0.9.0
	rpy2 version: 2.9.1

2018-09-21 07:10:34,946 - INFO - Parsed the following arguments:
	outdir = ./results/diffsel/wtDNA_ctrl
	ncpus = 1
	use_existing = yes
	indir = ./results/renumberedcounts
	chartype = codon_to_aa
	excludestop = yes
	pseudocount = 5.0
	mincount = 0
	name = 106B6-375ug-rep-1b
	sel = mut-virus-1b-106B6-375ug
	mock = mut-virus-1b
	err = wt-DNA-1

2018-09-21 07:10:34,953 - INFO - Reading selected sample counts from mut-virus-1b-106B6-375ug
2018-09-21 07:10:35,006 - INFO - Reading mock-selected sample counts from mut-virus-1b
2018-09-21 07:10:35,016 - INFO - Reading error-control sample counts from wt-DNA-1
2018-09-21 07:10:35,025 - INFO - Computing mutdiffsel...
2018-09-21 07:10:40,373 - INFO - Mutations with largest mutdiffsel:
site wildtype mutation  mutdiffsel
513        V        F        4.61
518        V        F        3.65
515        I        Y        3.64
536        T        K        3.55
515        I        P        3.47
515        I        A        3.45
516        G        S        3.45
518        V        L        3.34
516        G        D        3.25
514        G        T        3.22

2018-09-21 07:10:40,374 - INFO - Writing to ./results/diffsel/wtDNA_ctrl/106B6-375ug-rep-1b_mutdiffsel.csv
2018-09-21 07:10:40,419 - INFO - Computing sitediffsel...
2018-09-21 07:10:40,439 - INFO - Sites with largest absolute sitediffsel:
site  abs_diffsel  positive_diffsel  negative_diffsel  max_diffsel  min_diffsel
516        42.60             42.60              0.00         3.45         0.00
514        41.33             41.33              0.00         3.22         0.00
613        35.00              0.00            -35.00         0.00        -2.89
513        32.33             31.85             -0.48         4.61        -0.48
515        31.79             30.85             -0.94         3.64        -0.47
512        29.27             29.27              0.00         2.87         0.00
518        27.61             27.61              0.00         3.65         0.00
624        21.30              0.94            -20.36         0.94        -2.15
611        19.02              0.00            -19.02         0.00        -3.07
 88        18.34              1.53            -16.81         0.85        -2.01

2018-09-21 07:10:40,439 - INFO - Writing to ./results/diffsel/wtDNA_ctrl/106B6-375ug-rep-1b_sitediffsel.csv
2018-09-21 07:10:40,450 - INFO - Successful completion of dms2_diffsel
