2018-09-21 07:10:20,033 - INFO - Beginning execution of dms2_diffsel in directory /fh/fast/bloom_j/computational_notebooks/adingens/2017/FusionPeptide_Antibodies/NHP_FP_Ab_Lineages_MAP

2018-09-21 07:10:20,034 - INFO - Progress is being logged to ./results/diffsel/wtDNA_ctrl/106B6-375ug-rep-2b.log
2018-09-21 07:10:34,994 - INFO - Version information:
	Time and date: Fri Sep 21 07:10:20 2018
	Platform: Linux-3.13.0-143-generic-x86_64-with-debian-jessie-sid
	Python version: 3.6.5 |Anaconda, Inc.| (default, Apr 29 2018, 16:14:56)  [GCC 7.2.0]
	dms_tools2 version: 2.2.9
	Bio version: 1.72
	HTSeq version: 0.10.0
	pandas version: 0.23.3
	numpy version: 1.15.0
	IPython version: 6.4.0
	jupyter version: 1.0.0
	matplotlib version: 2.2.2
	plotnine version: 0.3.0
	natsort version: 5.3.3
	pystan version: 2.16.0.0
	scipy version: 1.1.0
	seaborn version: 0.9.0
	phydmslib version: 2.3.1
	statsmodels version: 0.9.0
	rpy2 version: 2.9.1

2018-09-21 07:10:34,995 - INFO - Parsed the following arguments:
	outdir = ./results/diffsel/wtDNA_ctrl
	ncpus = 1
	use_existing = yes
	indir = ./results/renumberedcounts
	chartype = codon_to_aa
	excludestop = yes
	pseudocount = 5.0
	mincount = 0
	name = 106B6-375ug-rep-2b
	sel = mut-virus-2b-106B6-375ug
	mock = mut-virus-2b
	err = wt-DNA-2

2018-09-21 07:10:35,001 - INFO - Reading selected sample counts from mut-virus-2b-106B6-375ug
2018-09-21 07:10:35,042 - INFO - Reading mock-selected sample counts from mut-virus-2b
2018-09-21 07:10:35,054 - INFO - Reading error-control sample counts from wt-DNA-2
2018-09-21 07:10:35,074 - INFO - Computing mutdiffsel...
2018-09-21 07:10:40,185 - INFO - Mutations with largest mutdiffsel:
site wildtype mutation  mutdiffsel
512        A        Y        2.81
518        V        G        2.60
515        I        Y        2.48
518        V        F        2.46
513        V        F        2.46
515        I        A        2.45
515        I        P        2.45
513        V        L        2.43
516        G        H        2.39
374        H        N        2.38

2018-09-21 07:10:40,191 - INFO - Writing to ./results/diffsel/wtDNA_ctrl/106B6-375ug-rep-2b_mutdiffsel.csv
2018-09-21 07:10:40,287 - INFO - Computing sitediffsel...
2018-09-21 07:10:40,329 - INFO - Sites with largest absolute sitediffsel:
site  abs_diffsel  positive_diffsel  negative_diffsel  max_diffsel  min_diffsel
613        30.58              0.00            -30.58         0.00        -2.75
516        29.41             29.16             -0.25         2.39        -0.25
514        24.95             23.75             -1.20         2.15        -0.55
512        24.24             22.60             -1.64         2.81        -0.75
611        22.65              0.29            -22.37         0.26        -3.21
515        21.99             20.83             -1.16         2.48        -0.65
513        21.65             21.19             -0.46         2.46        -0.46
621        18.20              0.18            -18.01         0.15        -2.29
518        15.74             13.24             -2.50         2.60        -1.33
207        14.77              3.10            -11.67         1.26        -2.46

2018-09-21 07:10:40,347 - INFO - Writing to ./results/diffsel/wtDNA_ctrl/106B6-375ug-rep-2b_sitediffsel.csv
2018-09-21 07:10:40,359 - INFO - Successful completion of dms2_diffsel
