2018-09-10 19:42:46,705 - INFO - Beginning execution of dms2_diffsel in directory /fh/fast/bloom_j/computational_notebooks/adingens/2017/FusionPeptide_Antibodies/NHP_FP_Ab_Lineages_MAP

2018-09-10 19:42:46,705 - INFO - Progress is being logged to ./results/diffsel/wtDNA_ctrl/106E6-375ug-rep-2b.log
2018-09-10 19:42:53,821 - INFO - Version information:
	Time and date: Mon Sep 10 19:42:46 2018
	Platform: Linux-3.13.0-143-generic-x86_64-with-debian-jessie-sid
	Python version: 3.6.5 |Anaconda, Inc.| (default, Apr 29 2018, 16:14:56)  [GCC 7.2.0]
	dms_tools2 version: 2.2.9
	Bio version: 1.72
	HTSeq version: 0.10.0
	pandas version: 0.23.3
	numpy version: 1.15.0
	IPython version: 6.4.0
	jupyter version: 1.0.0
	matplotlib version: 2.2.2
	plotnine version: 0.3.0
	natsort version: 5.3.3
	pystan version: 2.16.0.0
	scipy version: 1.1.0
	seaborn version: 0.9.0
	phydmslib version: 2.3.1
	statsmodels version: 0.9.0
	rpy2 version: 2.9.1

2018-09-10 19:42:53,822 - INFO - Parsed the following arguments:
	outdir = ./results/diffsel/wtDNA_ctrl
	ncpus = 2
	use_existing = yes
	indir = ./results/renumberedcounts
	chartype = codon_to_aa
	excludestop = yes
	pseudocount = 5.0
	mincount = 0
	name = 106E6-375ug-rep-2b
	sel = mut-virus-2b-106E6-375ug
	mock = mut-virus-2b
	err = wt-DNA-2

2018-09-10 19:42:53,824 - INFO - Reading selected sample counts from mut-virus-2b-106E6-375ug
2018-09-10 19:42:53,867 - INFO - Reading mock-selected sample counts from mut-virus-2b
2018-09-10 19:42:53,881 - INFO - Reading error-control sample counts from wt-DNA-2
2018-09-10 19:42:53,893 - INFO - Computing mutdiffsel...
2018-09-10 19:42:59,789 - INFO - Mutations with largest mutdiffsel:
site wildtype mutation  mutdiffsel
532        A        S        3.43
513        V        F        3.12
518        V        G        3.08
514        G        L        2.90
512        A        Y        2.85
515        I        Y        2.85
516        G        N        2.84
515        I        P        2.74
514        G        V        2.74
516        G        M        2.61

2018-09-10 19:42:59,789 - INFO - Writing to ./results/diffsel/wtDNA_ctrl/106E6-375ug-rep-2b_mutdiffsel.csv
2018-09-10 19:42:59,830 - INFO - Computing sitediffsel...
2018-09-10 19:42:59,852 - INFO - Sites with largest absolute sitediffsel:
site  abs_diffsel  positive_diffsel  negative_diffsel  max_diffsel  min_diffsel
516        35.63             35.63              0.00         2.84         0.00
514        30.27             30.27              0.00         2.90         0.00
613        27.49              0.26            -27.24         0.26        -2.76
512        26.05             25.42             -0.62         2.85        -0.62
513        24.47             23.78             -0.69         3.12        -0.45
515        24.09             23.86             -0.23         2.85        -0.23
611        20.15              0.00            -20.15         0.00        -3.27
621        17.90              0.98            -16.92         0.76        -2.26
625        16.40              0.81            -15.59         0.81        -2.09
112        15.82              2.16            -13.67         1.26        -1.50

2018-09-10 19:42:59,852 - INFO - Writing to ./results/diffsel/wtDNA_ctrl/106E6-375ug-rep-2b_sitediffsel.csv
2018-09-10 19:42:59,866 - INFO - Successful completion of dms2_diffsel
