2018-09-21 07:10:19,993 - INFO - Beginning execution of dms2_diffsel in directory /fh/fast/bloom_j/computational_notebooks/adingens/2017/FusionPeptide_Antibodies/NHP_FP_Ab_Lineages_MAP

2018-09-21 07:10:19,993 - INFO - Progress is being logged to ./results/diffsel/wtDNA_ctrl/106E6-375ug-rep-1b.log
2018-09-21 07:10:34,860 - INFO - Version information:
	Time and date: Fri Sep 21 07:10:19 2018
	Platform: Linux-3.13.0-143-generic-x86_64-with-debian-jessie-sid
	Python version: 3.6.5 |Anaconda, Inc.| (default, Apr 29 2018, 16:14:56)  [GCC 7.2.0]
	dms_tools2 version: 2.2.9
	Bio version: 1.72
	HTSeq version: 0.10.0
	pandas version: 0.23.3
	numpy version: 1.15.0
	IPython version: 6.4.0
	jupyter version: 1.0.0
	matplotlib version: 2.2.2
	plotnine version: 0.3.0
	natsort version: 5.3.3
	pystan version: 2.16.0.0
	scipy version: 1.1.0
	seaborn version: 0.9.0
	phydmslib version: 2.3.1
	statsmodels version: 0.9.0
	rpy2 version: 2.9.1

2018-09-21 07:10:34,862 - INFO - Parsed the following arguments:
	outdir = ./results/diffsel/wtDNA_ctrl
	ncpus = 1
	use_existing = yes
	indir = ./results/renumberedcounts
	chartype = codon_to_aa
	excludestop = yes
	pseudocount = 5.0
	mincount = 0
	name = 106E6-375ug-rep-1b
	sel = mut-virus-1b-106E6-375ug
	mock = mut-virus-1b
	err = wt-DNA-1

2018-09-21 07:10:34,868 - INFO - Reading selected sample counts from mut-virus-1b-106E6-375ug
2018-09-21 07:10:34,907 - INFO - Reading mock-selected sample counts from mut-virus-1b
2018-09-21 07:10:34,917 - INFO - Reading error-control sample counts from wt-DNA-1
2018-09-21 07:10:34,925 - INFO - Computing mutdiffsel...
2018-09-21 07:10:41,083 - INFO - Mutations with largest mutdiffsel:
site wildtype mutation  mutdiffsel
513        V        F        4.57
516        G        S        4.53
516        G        P        3.70
513        V        S        3.55
515        I        Y        3.48
518        V        W        3.48
514        G        H        3.41
516        G        H        3.40
512        A        H        3.36
515        I        H        3.31

2018-09-21 07:10:41,085 - INFO - Writing to ./results/diffsel/wtDNA_ctrl/106E6-375ug-rep-1b_mutdiffsel.csv
2018-09-21 07:10:41,142 - INFO - Computing sitediffsel...
2018-09-21 07:10:41,164 - INFO - Sites with largest absolute sitediffsel:
site  abs_diffsel  positive_diffsel  negative_diffsel  max_diffsel  min_diffsel
514        41.35             41.35              0.00         3.41         0.00
516        40.76             38.93             -1.82         4.53        -0.84
613        35.24              0.65            -34.59         0.65        -3.36
513        33.87             33.39             -0.47         4.57        -0.47
512        31.44             31.44              0.00         3.36         0.00
515        30.51             29.10             -1.41         3.48        -0.47
594        27.12              2.80            -24.32         1.18        -3.73
599        27.01              6.60            -20.41         1.57        -3.51
600        24.36              9.97            -14.38         2.20        -2.38
589        23.22              2.19            -21.03         1.04        -3.75

2018-09-21 07:10:41,164 - INFO - Writing to ./results/diffsel/wtDNA_ctrl/106E6-375ug-rep-1b_sitediffsel.csv
2018-09-21 07:10:41,175 - INFO - Successful completion of dms2_diffsel
