2018-09-10 19:42:46,738 - INFO - Beginning execution of dms2_diffsel in directory /fh/fast/bloom_j/computational_notebooks/adingens/2017/FusionPeptide_Antibodies/NHP_FP_Ab_Lineages_MAP

2018-09-10 19:42:46,738 - INFO - Progress is being logged to ./results/diffsel/wtDNA_ctrl/110D12-400ug-rep-3c.log
2018-09-10 19:42:53,724 - INFO - Version information:
	Time and date: Mon Sep 10 19:42:46 2018
	Platform: Linux-3.13.0-143-generic-x86_64-with-debian-jessie-sid
	Python version: 3.6.5 |Anaconda, Inc.| (default, Apr 29 2018, 16:14:56)  [GCC 7.2.0]
	dms_tools2 version: 2.2.9
	Bio version: 1.72
	HTSeq version: 0.10.0
	pandas version: 0.23.3
	numpy version: 1.15.0
	IPython version: 6.4.0
	jupyter version: 1.0.0
	matplotlib version: 2.2.2
	plotnine version: 0.3.0
	natsort version: 5.3.3
	pystan version: 2.16.0.0
	scipy version: 1.1.0
	seaborn version: 0.9.0
	phydmslib version: 2.3.1
	statsmodels version: 0.9.0
	rpy2 version: 2.9.1

2018-09-10 19:42:53,725 - INFO - Parsed the following arguments:
	outdir = ./results/diffsel/wtDNA_ctrl
	ncpus = 2
	use_existing = yes
	indir = ./results/renumberedcounts
	chartype = codon_to_aa
	excludestop = yes
	pseudocount = 5.0
	mincount = 0
	name = 110D12-400ug-rep-3c
	sel = mut-virus-3c-110D12-400ug
	mock = mut-virus-3c
	err = wt-DNA-3

2018-09-10 19:42:53,728 - INFO - Reading selected sample counts from mut-virus-3c-110D12-400ug
2018-09-10 19:42:53,761 - INFO - Reading mock-selected sample counts from mut-virus-3c
2018-09-10 19:42:53,769 - INFO - Reading error-control sample counts from wt-DNA-3
2018-09-10 19:42:53,776 - INFO - Computing mutdiffsel...
2018-09-10 19:42:59,021 - INFO - Mutations with largest mutdiffsel:
site wildtype mutation  mutdiffsel
513        V        F        6.31
518        V        G        5.94
514        G        P        5.66
513        V        P        5.19
516        G        A        5.14
514        G        S        5.13
513        V        S        5.03
515        I        P        5.02
514        G        T        4.99
514        G        D        4.96

2018-09-10 19:42:59,021 - INFO - Writing to ./results/diffsel/wtDNA_ctrl/110D12-400ug-rep-3c_mutdiffsel.csv
2018-09-10 19:42:59,064 - INFO - Computing sitediffsel...
2018-09-10 19:42:59,088 - INFO - Sites with largest absolute sitediffsel:
site  abs_diffsel  positive_diffsel  negative_diffsel  max_diffsel  min_diffsel
514        75.18             75.18              0.00         5.66         0.00
516        73.17             73.17              0.00         5.14         0.00
513        48.37             48.15             -0.22         6.31        -0.22
512        47.80             47.80              0.00         4.15         0.00
515        39.71             39.06             -0.66         5.02        -0.22
613        30.28              0.34            -29.94         0.34        -3.59
624        25.22              0.16            -25.06         0.16        -2.42
 87        22.67              2.78            -19.89         1.07        -2.59
634        22.33              0.99            -21.34         0.82        -2.46
 88        21.73              1.26            -20.47         1.26        -2.72

2018-09-10 19:42:59,088 - INFO - Writing to ./results/diffsel/wtDNA_ctrl/110D12-400ug-rep-3c_sitediffsel.csv
2018-09-10 19:42:59,097 - INFO - Successful completion of dms2_diffsel
