2018-09-10 19:42:46,672 - INFO - Beginning execution of dms2_diffsel in directory /fh/fast/bloom_j/computational_notebooks/adingens/2017/FusionPeptide_Antibodies/NHP_FP_Ab_Lineages_MAP

2018-09-10 19:42:46,673 - INFO - Progress is being logged to ./results/diffsel/wtDNA_ctrl/110D12-700ug-rep-2c.log
2018-09-10 19:42:53,705 - INFO - Version information:
	Time and date: Mon Sep 10 19:42:46 2018
	Platform: Linux-3.13.0-143-generic-x86_64-with-debian-jessie-sid
	Python version: 3.6.5 |Anaconda, Inc.| (default, Apr 29 2018, 16:14:56)  [GCC 7.2.0]
	dms_tools2 version: 2.2.9
	Bio version: 1.72
	HTSeq version: 0.10.0
	pandas version: 0.23.3
	numpy version: 1.15.0
	IPython version: 6.4.0
	jupyter version: 1.0.0
	matplotlib version: 2.2.2
	plotnine version: 0.3.0
	natsort version: 5.3.3
	pystan version: 2.16.0.0
	scipy version: 1.1.0
	seaborn version: 0.9.0
	phydmslib version: 2.3.1
	statsmodels version: 0.9.0
	rpy2 version: 2.9.1

2018-09-10 19:42:53,706 - INFO - Parsed the following arguments:
	outdir = ./results/diffsel/wtDNA_ctrl
	ncpus = 2
	use_existing = yes
	indir = ./results/renumberedcounts
	chartype = codon_to_aa
	excludestop = yes
	pseudocount = 5.0
	mincount = 0
	name = 110D12-700ug-rep-2c
	sel = mut-virus-2c-110D12-700ug
	mock = mut-virus-2c
	err = wt-DNA-2

2018-09-10 19:42:53,708 - INFO - Reading selected sample counts from mut-virus-2c-110D12-700ug
2018-09-10 19:42:53,736 - INFO - Reading mock-selected sample counts from mut-virus-2c
2018-09-10 19:42:53,746 - INFO - Reading error-control sample counts from wt-DNA-2
2018-09-10 19:42:53,754 - INFO - Computing mutdiffsel...
2018-09-10 19:42:59,528 - INFO - Mutations with largest mutdiffsel:
site wildtype mutation  mutdiffsel
516        G        L        6.88
514        G        V        6.72
516        G        A        6.71
516        G        V        6.61
516        G        I        6.59
515        I        G        6.59
512        A        Y        6.37
514        G        Q        6.37
516        G        F        6.34
516        G        T        6.32

2018-09-10 19:42:59,529 - INFO - Writing to ./results/diffsel/wtDNA_ctrl/110D12-700ug-rep-2c_mutdiffsel.csv
2018-09-10 19:42:59,572 - INFO - Computing sitediffsel...
2018-09-10 19:42:59,596 - INFO - Sites with largest absolute sitediffsel:
site  abs_diffsel  positive_diffsel  negative_diffsel  max_diffsel  min_diffsel
516       105.44            105.44              0.00         6.88         0.00
514        94.47             92.55             -1.92         6.72        -1.92
513        64.37             64.37              0.00         6.25         0.00
512        58.33             57.69             -0.64         6.37        -0.43
515        41.19             39.10             -2.09         6.59        -0.76
413        35.28             10.56            -24.72         2.83        -3.34
432        32.58              3.32            -29.26         1.81        -3.66
399        30.77             12.34            -18.43         3.22        -3.07
411        30.72              2.88            -27.83         1.91        -2.78
462        30.33              9.13            -21.20         2.13        -2.43

2018-09-10 19:42:59,596 - INFO - Writing to ./results/diffsel/wtDNA_ctrl/110D12-700ug-rep-2c_sitediffsel.csv
2018-09-10 19:42:59,605 - INFO - Successful completion of dms2_diffsel
