2018-09-21 07:18:55,163 - INFO - Beginning execution of dms2_logoplot in directory /fh/fast/bloom_j/computational_notebooks/adingens/2017/FusionPeptide_Antibodies/NHP_FP_Ab_Lineages_MAP

2018-09-21 07:18:55,163 - INFO - Progress is being logged to ./results/diffsel/wtDNA_ctrl/17D4.log
2018-09-21 07:18:56,968 - INFO - Version information:
	Time and date: Fri Sep 21 07:18:55 2018
	Platform: Linux-3.13.0-143-generic-x86_64-with-debian-jessie-sid
	Python version: 3.6.5 |Anaconda, Inc.| (default, Apr 29 2018, 16:14:56)  [GCC 7.2.0]
	dms_tools2 version: 2.2.9
	Bio version: 1.72
	HTSeq version: 0.10.0
	pandas version: 0.23.3
	numpy version: 1.15.0
	IPython version: 6.4.0
	jupyter version: 1.0.0
	matplotlib version: 2.2.2
	plotnine version: 0.3.0
	natsort version: 5.3.3
	pystan version: 2.16.0.0
	scipy version: 1.1.0
	seaborn version: 0.9.0
	phydmslib version: 2.3.1
	statsmodels version: 0.9.0
	rpy2 version: 2.9.1

2018-09-21 07:18:56,968 - INFO - Parsed the following arguments:
	outdir = ./results/diffsel/wtDNA_ctrl
	ncpus = -1
	use_existing = yes
	prefs = None
	diffsel = ./results/diffsel/wtDNA_ctrl/summary_17D4-medianmutdiffsel.csv
	fracsurvive = None
	diffprefs = None
	name = 17D4
	nperline = 84
	numberevery = 10
	excludestop = no
	stringency = 1
	restrictdiffsel = positive
	diffselrange = None
	fracsurvivemax = None
	sortsites = yes
	mapmetric = functionalgroup
	colormap = jet
	overlay1 = ['./results/diffsel/wtDNA_ctrl/summary_17D4-medianmutdiffsel.csv', 'wildtype', 'wildtype']
	overlay2 = None
	overlay3 = None
	underlay = yes
	scalebar = ['10', 'differential selection = 10']
	overlaycolormap = jet
	letterheight = 1
	ignore_extracols = no
	sepline = no

2018-09-21 07:18:56,971 - INFO - Reading diffsel from file ./results/diffsel/wtDNA_ctrl/summary_17D4-medianmutdiffsel.csv...
2018-09-21 07:18:57,002 - INFO - Read data for 670 sites.

2018-09-21 07:18:57,038 - INFO - Reading overlay for wildtype from ./results/diffsel/wtDNA_ctrl/summary_17D4-medianmutdiffsel.csv...
2018-09-21 07:18:57,103 - INFO - Read overlay for 670 sites.

2018-09-21 07:18:57,103 - INFO - Making logo plot ./results/diffsel/wtDNA_ctrl/17D4_diffsel.pdf...
2018-09-21 07:19:04,270 - INFO - Successfully created logo plot.

2018-09-21 07:19:04,271 - INFO - Successful completion of dms2_logoplot
