2018-09-21 07:10:19,970 - INFO - Beginning execution of dms2_diffsel in directory /fh/fast/bloom_j/computational_notebooks/adingens/2017/FusionPeptide_Antibodies/NHP_FP_Ab_Lineages_MAP

2018-09-21 07:10:19,970 - INFO - Progress is being logged to ./results/diffsel/wtDNA_ctrl/DF1W314-160ug-rep-3c.log
2018-09-21 07:10:34,988 - INFO - Version information:
	Time and date: Fri Sep 21 07:10:19 2018
	Platform: Linux-3.13.0-143-generic-x86_64-with-debian-jessie-sid
	Python version: 3.6.5 |Anaconda, Inc.| (default, Apr 29 2018, 16:14:56)  [GCC 7.2.0]
	dms_tools2 version: 2.2.9
	Bio version: 1.72
	HTSeq version: 0.10.0
	pandas version: 0.23.3
	numpy version: 1.15.0
	IPython version: 6.4.0
	jupyter version: 1.0.0
	matplotlib version: 2.2.2
	plotnine version: 0.3.0
	natsort version: 5.3.3
	pystan version: 2.16.0.0
	scipy version: 1.1.0
	seaborn version: 0.9.0
	phydmslib version: 2.3.1
	statsmodels version: 0.9.0
	rpy2 version: 2.9.1

2018-09-21 07:10:34,990 - INFO - Parsed the following arguments:
	outdir = ./results/diffsel/wtDNA_ctrl
	ncpus = 1
	use_existing = yes
	indir = ./results/renumberedcounts
	chartype = codon_to_aa
	excludestop = yes
	pseudocount = 5.0
	mincount = 0
	name = DF1W314-160ug-rep-3c
	sel = mut-virus-3c-DF1W314-160ug
	mock = mut-virus-3c
	err = wt-DNA-3

2018-09-21 07:10:34,998 - INFO - Reading selected sample counts from mut-virus-3c-DF1W314-160ug
2018-09-21 07:10:35,053 - INFO - Reading mock-selected sample counts from mut-virus-3c
2018-09-21 07:10:35,062 - INFO - Reading error-control sample counts from wt-DNA-3
2018-09-21 07:10:35,074 - INFO - Computing mutdiffsel...
2018-09-21 07:10:41,255 - INFO - Mutations with largest mutdiffsel:
site wildtype mutation  mutdiffsel
513        V        F        5.71
512        A        V        5.01
514        G        A        4.87
518        V        G        4.86
512        A        S        4.77
514        G        P        4.73
519        F        V        4.68
512        A        E        4.67
514        G        T        4.66
515        I        F        4.64

2018-09-21 07:10:41,257 - INFO - Writing to ./results/diffsel/wtDNA_ctrl/DF1W314-160ug-rep-3c_mutdiffsel.csv
2018-09-21 07:10:41,316 - INFO - Computing sitediffsel...
2018-09-21 07:10:41,371 - INFO - Sites with largest absolute sitediffsel:
site  abs_diffsel  positive_diffsel  negative_diffsel  max_diffsel  min_diffsel
514        68.26             68.26              0.00         4.87         0.00
512        63.17             63.17              0.00         5.01         0.00
516        60.74             60.74              0.00         4.26         0.00
513        50.59             49.58             -1.01         5.71        -1.01
515        45.97             44.77             -1.20         4.64        -0.99
 84        36.56             34.81             -1.76         3.94        -0.87
 80        34.92             29.05             -5.87         3.85        -1.80
519        32.24             32.00             -0.24         4.68        -0.24
517        32.18             31.46             -0.73         4.08        -0.47
 87        28.83             26.11             -2.72         3.48        -1.75

2018-09-21 07:10:41,372 - INFO - Writing to ./results/diffsel/wtDNA_ctrl/DF1W314-160ug-rep-3c_sitediffsel.csv
2018-09-21 07:10:41,394 - INFO - Successful completion of dms2_diffsel
