2018-09-10 19:42:46,725 - INFO - Beginning execution of dms2_diffsel in directory /fh/fast/bloom_j/computational_notebooks/adingens/2017/FusionPeptide_Antibodies/NHP_FP_Ab_Lineages_MAP

2018-09-10 19:42:46,725 - INFO - Progress is being logged to ./results/diffsel/wtDNA_ctrl/DF1W314-80ug-rep-3c.log
2018-09-10 19:42:53,626 - INFO - Version information:
	Time and date: Mon Sep 10 19:42:46 2018
	Platform: Linux-3.13.0-143-generic-x86_64-with-debian-jessie-sid
	Python version: 3.6.5 |Anaconda, Inc.| (default, Apr 29 2018, 16:14:56)  [GCC 7.2.0]
	dms_tools2 version: 2.2.9
	Bio version: 1.72
	HTSeq version: 0.10.0
	pandas version: 0.23.3
	numpy version: 1.15.0
	IPython version: 6.4.0
	jupyter version: 1.0.0
	matplotlib version: 2.2.2
	plotnine version: 0.3.0
	natsort version: 5.3.3
	pystan version: 2.16.0.0
	scipy version: 1.1.0
	seaborn version: 0.9.0
	phydmslib version: 2.3.1
	statsmodels version: 0.9.0
	rpy2 version: 2.9.1

2018-09-10 19:42:53,626 - INFO - Parsed the following arguments:
	outdir = ./results/diffsel/wtDNA_ctrl
	ncpus = 2
	use_existing = yes
	indir = ./results/renumberedcounts
	chartype = codon_to_aa
	excludestop = yes
	pseudocount = 5.0
	mincount = 0
	name = DF1W314-80ug-rep-3c
	sel = mut-virus-3c-DF1W314-80ug
	mock = mut-virus-3c
	err = wt-DNA-3

2018-09-10 19:42:53,629 - INFO - Reading selected sample counts from mut-virus-3c-DF1W314-80ug
2018-09-10 19:42:53,658 - INFO - Reading mock-selected sample counts from mut-virus-3c
2018-09-10 19:42:53,670 - INFO - Reading error-control sample counts from wt-DNA-3
2018-09-10 19:42:53,687 - INFO - Computing mutdiffsel...
2018-09-10 19:42:59,288 - INFO - Mutations with largest mutdiffsel:
site wildtype mutation  mutdiffsel
513        V        F        5.01
512        A        E        4.10
512        A        V        3.83
518        V        G        3.81
514        G        P        3.72
514        G        S        3.67
514        G        A        3.64
513        V        T        3.58
519        F        I        3.56
515        I        S        3.44

2018-09-10 19:42:59,288 - INFO - Writing to ./results/diffsel/wtDNA_ctrl/DF1W314-80ug-rep-3c_mutdiffsel.csv
2018-09-10 19:42:59,330 - INFO - Computing sitediffsel...
2018-09-10 19:42:59,362 - INFO - Sites with largest absolute sitediffsel:
site  abs_diffsel  positive_diffsel  negative_diffsel  max_diffsel  min_diffsel
514        50.08             50.08              0.00         3.72         0.00
512        47.08             47.08              0.00         4.10         0.00
516        44.49             43.05             -1.44         3.39        -1.44
513        38.04             38.04              0.00         5.01         0.00
515        34.59             33.31             -1.28         3.44        -1.05
 84        27.58             25.77             -1.81         3.40        -0.83
519        25.49             25.49              0.00         3.56         0.00
 80        25.39             20.55             -4.84         3.00        -1.99
613        25.03              0.00            -25.03         0.00        -2.53
517        22.82             22.23             -0.60         2.60        -0.60

2018-09-10 19:42:59,362 - INFO - Writing to ./results/diffsel/wtDNA_ctrl/DF1W314-80ug-rep-3c_sitediffsel.csv
2018-09-10 19:42:59,377 - INFO - Successful completion of dms2_diffsel
