2018-09-21 07:10:19,974 - INFO - Beginning execution of dms2_diffsel in directory /fh/fast/bloom_j/computational_notebooks/adingens/2017/FusionPeptide_Antibodies/NHP_FP_Ab_Lineages_MAP

2018-09-21 07:10:19,975 - INFO - Progress is being logged to ./results/diffsel/wtDNA_ctrl/DF1W314-60ug-rep-2c.log
2018-09-21 07:10:34,937 - INFO - Version information:
	Time and date: Fri Sep 21 07:10:19 2018
	Platform: Linux-3.13.0-143-generic-x86_64-with-debian-jessie-sid
	Python version: 3.6.5 |Anaconda, Inc.| (default, Apr 29 2018, 16:14:56)  [GCC 7.2.0]
	dms_tools2 version: 2.2.9
	Bio version: 1.72
	HTSeq version: 0.10.0
	pandas version: 0.23.3
	numpy version: 1.15.0
	IPython version: 6.4.0
	jupyter version: 1.0.0
	matplotlib version: 2.2.2
	plotnine version: 0.3.0
	natsort version: 5.3.3
	pystan version: 2.16.0.0
	scipy version: 1.1.0
	seaborn version: 0.9.0
	phydmslib version: 2.3.1
	statsmodels version: 0.9.0
	rpy2 version: 2.9.1

2018-09-21 07:10:34,940 - INFO - Parsed the following arguments:
	outdir = ./results/diffsel/wtDNA_ctrl
	ncpus = 1
	use_existing = yes
	indir = ./results/renumberedcounts
	chartype = codon_to_aa
	excludestop = yes
	pseudocount = 5.0
	mincount = 0
	name = DF1W314-60ug-rep-2c
	sel = mut-virus-2c-DF1W314-60ug
	mock = mut-virus-2c
	err = wt-DNA-2

2018-09-21 07:10:34,946 - INFO - Reading selected sample counts from mut-virus-2c-DF1W314-60ug
2018-09-21 07:10:34,993 - INFO - Reading mock-selected sample counts from mut-virus-2c
2018-09-21 07:10:35,007 - INFO - Reading error-control sample counts from wt-DNA-2
2018-09-21 07:10:35,016 - INFO - Computing mutdiffsel...
2018-09-21 07:10:40,749 - INFO - Mutations with largest mutdiffsel:
site wildtype mutation  mutdiffsel
512        A        E        2.83
514        G        L        2.70
519        F        A        2.43
617        R        G        2.40
512        A        Y        2.40
513        V        F        2.20
519        F        S        2.18
513        V        T        2.17
516        G        V        2.16
536        T        K        2.13

2018-09-21 07:10:40,755 - INFO - Writing to ./results/diffsel/wtDNA_ctrl/DF1W314-60ug-rep-2c_mutdiffsel.csv
2018-09-21 07:10:40,815 - INFO - Computing sitediffsel...
2018-09-21 07:10:40,849 - INFO - Sites with largest absolute sitediffsel:
site  abs_diffsel  positive_diffsel  negative_diffsel  max_diffsel  min_diffsel
516        25.92             25.92              0.00         2.16         0.00
613        25.67              0.25            -25.42         0.25        -2.66
514        23.98             23.98              0.00         2.70         0.00
594        22.75              0.00            -22.75         0.00        -2.38
611        22.68              0.19            -22.49         0.19        -2.78
512        22.41             21.66             -0.74         2.83        -0.31
515        21.85             21.11             -0.73         2.07        -0.73
513        18.39             18.10             -0.29         2.20        -0.29
207        16.36              0.49            -15.86         0.49        -1.94
431        16.29              1.19            -15.10         1.03        -2.12

2018-09-21 07:10:40,850 - INFO - Writing to ./results/diffsel/wtDNA_ctrl/DF1W314-60ug-rep-2c_sitediffsel.csv
2018-09-21 07:10:40,878 - INFO - Successful completion of dms2_diffsel
