2018-09-10 19:42:46,644 - INFO - Beginning execution of dms2_diffsel in directory /fh/fast/bloom_j/computational_notebooks/adingens/2017/FusionPeptide_Antibodies/NHP_FP_Ab_Lineages_MAP

2018-09-10 19:42:46,644 - INFO - Progress is being logged to ./results/diffsel/wtDNA_ctrl/DF1W314-60ug-rep-1b.log
2018-09-10 19:42:53,413 - INFO - Version information:
	Time and date: Mon Sep 10 19:42:46 2018
	Platform: Linux-3.13.0-143-generic-x86_64-with-debian-jessie-sid
	Python version: 3.6.5 |Anaconda, Inc.| (default, Apr 29 2018, 16:14:56)  [GCC 7.2.0]
	dms_tools2 version: 2.2.9
	Bio version: 1.72
	HTSeq version: 0.10.0
	pandas version: 0.23.3
	numpy version: 1.15.0
	IPython version: 6.4.0
	jupyter version: 1.0.0
	matplotlib version: 2.2.2
	plotnine version: 0.3.0
	natsort version: 5.3.3
	pystan version: 2.16.0.0
	scipy version: 1.1.0
	seaborn version: 0.9.0
	phydmslib version: 2.3.1
	statsmodels version: 0.9.0
	rpy2 version: 2.9.1

2018-09-10 19:42:53,413 - INFO - Parsed the following arguments:
	outdir = ./results/diffsel/wtDNA_ctrl
	ncpus = 2
	use_existing = yes
	indir = ./results/renumberedcounts
	chartype = codon_to_aa
	excludestop = yes
	pseudocount = 5.0
	mincount = 0
	name = DF1W314-60ug-rep-1b
	sel = mut-virus-1b-DF1W314-60ug
	mock = mut-virus-1b
	err = wt-DNA-1

2018-09-10 19:42:53,415 - INFO - Reading selected sample counts from mut-virus-1b-DF1W314-60ug
2018-09-10 19:42:53,444 - INFO - Reading mock-selected sample counts from mut-virus-1b
2018-09-10 19:42:53,459 - INFO - Reading error-control sample counts from wt-DNA-1
2018-09-10 19:42:53,473 - INFO - Computing mutdiffsel...
2018-09-10 19:42:59,114 - INFO - Mutations with largest mutdiffsel:
site wildtype mutation  mutdiffsel
517        A        V        3.33
515        I        Y        2.91
516        G        P        2.88
514        G        T        2.79
513        V        L        2.74
515        I        P        2.65
515        I        L        2.60
517        A        P        2.56
512        A        D        2.55
513        V        F        2.49

2018-09-10 19:42:59,114 - INFO - Writing to ./results/diffsel/wtDNA_ctrl/DF1W314-60ug-rep-1b_mutdiffsel.csv
2018-09-10 19:42:59,157 - INFO - Computing sitediffsel...
2018-09-10 19:42:59,180 - INFO - Sites with largest absolute sitediffsel:
site  abs_diffsel  positive_diffsel  negative_diffsel  max_diffsel  min_diffsel
613        33.83              0.03            -33.80         0.03        -3.12
594        29.04              0.90            -28.13         0.67        -3.07
512        27.73             27.36             -0.37         2.55        -0.37
516        27.54             27.09             -0.45         2.88        -0.37
514        26.56             26.56              0.00         2.79         0.00
515        25.00             23.52             -1.48         2.91        -0.58
207        22.53              0.00            -22.53         0.00        -2.59
513        21.97             21.66             -0.31         2.74        -0.31
 80        21.31             16.76             -4.55         2.23        -1.76
624        21.13              0.20            -20.93         0.20        -2.52

2018-09-10 19:42:59,180 - INFO - Writing to ./results/diffsel/wtDNA_ctrl/DF1W314-60ug-rep-1b_sitediffsel.csv
2018-09-10 19:42:59,190 - INFO - Successful completion of dms2_diffsel
