2018-09-21 07:10:41,111 - INFO - Beginning execution of dms2_diffsel in directory /fh/fast/bloom_j/computational_notebooks/adingens/2017/FusionPeptide_Antibodies/NHP_FP_Ab_Lineages_MAP

2018-09-21 07:10:41,111 - INFO - Progress is being logged to ./results/diffsel/wtDNA_ctrl/OPV12-4000ug-rep-2c.log
2018-09-21 07:10:46,429 - INFO - Version information:
	Time and date: Fri Sep 21 07:10:41 2018
	Platform: Linux-3.13.0-143-generic-x86_64-with-debian-jessie-sid
	Python version: 3.6.5 |Anaconda, Inc.| (default, Apr 29 2018, 16:14:56)  [GCC 7.2.0]
	dms_tools2 version: 2.2.9
	Bio version: 1.72
	HTSeq version: 0.10.0
	pandas version: 0.23.3
	numpy version: 1.15.0
	IPython version: 6.4.0
	jupyter version: 1.0.0
	matplotlib version: 2.2.2
	plotnine version: 0.3.0
	natsort version: 5.3.3
	pystan version: 2.16.0.0
	scipy version: 1.1.0
	seaborn version: 0.9.0
	phydmslib version: 2.3.1
	statsmodels version: 0.9.0
	rpy2 version: 2.9.1

2018-09-21 07:10:46,431 - INFO - Parsed the following arguments:
	outdir = ./results/diffsel/wtDNA_ctrl
	ncpus = 1
	use_existing = yes
	indir = ./results/renumberedcounts
	chartype = codon_to_aa
	excludestop = yes
	pseudocount = 5.0
	mincount = 0
	name = OPV12-4000ug-rep-2c
	sel = mut-virus-2c-OPV12-4000ug
	mock = mut-virus-2c
	err = wt-DNA-2

2018-09-21 07:10:46,436 - INFO - Reading selected sample counts from mut-virus-2c-OPV12-4000ug
2018-09-21 07:10:46,472 - INFO - Reading mock-selected sample counts from mut-virus-2c
2018-09-21 07:10:46,486 - INFO - Reading error-control sample counts from wt-DNA-2
2018-09-21 07:10:46,497 - INFO - Computing mutdiffsel...
2018-09-21 07:10:50,530 - INFO - Mutations with largest mutdiffsel:
site wildtype mutation  mutdiffsel
512        A        E        4.48
513        V        Y        4.39
512        A        Y        4.34
513        V        T        4.30
516        G        A        4.28
514        G        V        4.26
512        A        L        4.24
514        G        H        4.07
515        I        G        4.07
516        G        L        4.05

2018-09-21 07:10:50,533 - INFO - Writing to ./results/diffsel/wtDNA_ctrl/OPV12-4000ug-rep-2c_mutdiffsel.csv
2018-09-21 07:10:50,590 - INFO - Computing sitediffsel...
2018-09-21 07:10:50,608 - INFO - Sites with largest absolute sitediffsel:
site  abs_diffsel  positive_diffsel  negative_diffsel  max_diffsel  min_diffsel
516        54.65             53.44             -1.22         4.28        -1.22
514        50.47             49.48             -0.99         4.26        -0.58
512        49.38             48.80             -0.58         4.48        -0.39
513        44.22             44.22              0.00         4.39         0.00
515        41.31             40.85             -0.46         4.07        -0.40
518        31.78             30.74             -1.04         3.95        -0.60
613        26.46              0.83            -25.63         0.83        -3.27
214        25.28              7.62            -17.66         2.36        -2.94
632        25.27              2.26            -23.01         1.58        -2.93
169        25.02              6.32            -18.71         1.67        -2.72

2018-09-21 07:10:50,608 - INFO - Writing to ./results/diffsel/wtDNA_ctrl/OPV12-4000ug-rep-2c_sitediffsel.csv
2018-09-21 07:10:50,618 - INFO - Successful completion of dms2_diffsel
