2018-09-21 07:10:42,418 - INFO - Beginning execution of dms2_diffsel in directory /fh/fast/bloom_j/computational_notebooks/adingens/2017/FusionPeptide_Antibodies/NHP_FP_Ab_Lineages_MAP

2018-09-21 07:10:42,419 - INFO - Progress is being logged to ./results/diffsel/wtDNA_ctrl/OPV20-1750ug-rep-3c.log
2018-09-21 07:10:47,612 - INFO - Version information:
	Time and date: Fri Sep 21 07:10:42 2018
	Platform: Linux-3.13.0-143-generic-x86_64-with-debian-jessie-sid
	Python version: 3.6.5 |Anaconda, Inc.| (default, Apr 29 2018, 16:14:56)  [GCC 7.2.0]
	dms_tools2 version: 2.2.9
	Bio version: 1.72
	HTSeq version: 0.10.0
	pandas version: 0.23.3
	numpy version: 1.15.0
	IPython version: 6.4.0
	jupyter version: 1.0.0
	matplotlib version: 2.2.2
	plotnine version: 0.3.0
	natsort version: 5.3.3
	pystan version: 2.16.0.0
	scipy version: 1.1.0
	seaborn version: 0.9.0
	phydmslib version: 2.3.1
	statsmodels version: 0.9.0
	rpy2 version: 2.9.1

2018-09-21 07:10:47,614 - INFO - Parsed the following arguments:
	outdir = ./results/diffsel/wtDNA_ctrl
	ncpus = 1
	use_existing = yes
	indir = ./results/renumberedcounts
	chartype = codon_to_aa
	excludestop = yes
	pseudocount = 5.0
	mincount = 0
	name = OPV20-1750ug-rep-3c
	sel = mut-virus-3c-OPV20-1750ug
	mock = mut-virus-3c
	err = wt-DNA-3

2018-09-21 07:10:47,618 - INFO - Reading selected sample counts from mut-virus-3c-OPV20-1750ug
2018-09-21 07:10:47,648 - INFO - Reading mock-selected sample counts from mut-virus-3c
2018-09-21 07:10:47,662 - INFO - Reading error-control sample counts from wt-DNA-3
2018-09-21 07:10:47,677 - INFO - Computing mutdiffsel...
2018-09-21 07:10:51,645 - INFO - Mutations with largest mutdiffsel:
site wildtype mutation  mutdiffsel
513        V        F        5.99
518        V        G        5.26
512        A        V        4.97
512        A        E        4.77
514        G        P        4.75
513        V        T        4.74
515        I        F        4.53
519        F        I        4.47
514        G        T        4.46
519        F        S        4.45

2018-09-21 07:10:51,646 - INFO - Writing to ./results/diffsel/wtDNA_ctrl/OPV20-1750ug-rep-3c_mutdiffsel.csv
2018-09-21 07:10:51,690 - INFO - Computing sitediffsel...
2018-09-21 07:10:51,711 - INFO - Sites with largest absolute sitediffsel:
site  abs_diffsel  positive_diffsel  negative_diffsel  max_diffsel  min_diffsel
514        60.91             60.91              0.00         4.75         0.00
512        59.07             59.07              0.00         4.97         0.00
516        58.26             58.26              0.00         4.41         0.00
513        50.42             50.19             -0.23         5.99        -0.23
515        44.03             43.38             -0.65         4.53        -0.22
519        31.94             31.04             -0.90         4.47        -0.66
613        27.13              0.00            -27.13         0.00        -2.70
517        26.29             25.82             -0.47         3.48        -0.26
518        24.80             23.41             -1.39         5.26        -0.67
 62        23.80              6.53            -17.27         1.90        -2.47

2018-09-21 07:10:51,711 - INFO - Writing to ./results/diffsel/wtDNA_ctrl/OPV20-1750ug-rep-3c_sitediffsel.csv
2018-09-21 07:10:51,721 - INFO - Successful completion of dms2_diffsel
