2018-09-21 07:10:42,373 - INFO - Beginning execution of dms2_diffsel in directory /fh/fast/bloom_j/computational_notebooks/adingens/2017/FusionPeptide_Antibodies/NHP_FP_Ab_Lineages_MAP

2018-09-21 07:10:42,373 - INFO - Progress is being logged to ./results/diffsel/wtDNA_ctrl/OPV20-1750ug-rep-2c.log
2018-09-21 07:10:47,554 - INFO - Version information:
	Time and date: Fri Sep 21 07:10:42 2018
	Platform: Linux-3.13.0-143-generic-x86_64-with-debian-jessie-sid
	Python version: 3.6.5 |Anaconda, Inc.| (default, Apr 29 2018, 16:14:56)  [GCC 7.2.0]
	dms_tools2 version: 2.2.9
	Bio version: 1.72
	HTSeq version: 0.10.0
	pandas version: 0.23.3
	numpy version: 1.15.0
	IPython version: 6.4.0
	jupyter version: 1.0.0
	matplotlib version: 2.2.2
	plotnine version: 0.3.0
	natsort version: 5.3.3
	pystan version: 2.16.0.0
	scipy version: 1.1.0
	seaborn version: 0.9.0
	phydmslib version: 2.3.1
	statsmodels version: 0.9.0
	rpy2 version: 2.9.1

2018-09-21 07:10:47,555 - INFO - Parsed the following arguments:
	outdir = ./results/diffsel/wtDNA_ctrl
	ncpus = 1
	use_existing = yes
	indir = ./results/renumberedcounts
	chartype = codon_to_aa
	excludestop = yes
	pseudocount = 5.0
	mincount = 0
	name = OPV20-1750ug-rep-2c
	sel = mut-virus-2c-OPV20-1750ug
	mock = mut-virus-2c
	err = wt-DNA-2

2018-09-21 07:10:47,559 - INFO - Reading selected sample counts from mut-virus-2c-OPV20-1750ug
2018-09-21 07:10:47,592 - INFO - Reading mock-selected sample counts from mut-virus-2c
2018-09-21 07:10:47,601 - INFO - Reading error-control sample counts from wt-DNA-2
2018-09-21 07:10:47,609 - INFO - Computing mutdiffsel...
2018-09-21 07:10:51,208 - INFO - Mutations with largest mutdiffsel:
site wildtype mutation  mutdiffsel
512        A        E        5.72
512        A        Y        5.09
515        I        A        4.68
515        I        G        4.54
512        A        L        4.53
515        I        S        4.48
516        G        V        4.45
514        G        S        4.45
519        F        A        4.45
515        I        T        4.42

2018-09-21 07:10:51,209 - INFO - Writing to ./results/diffsel/wtDNA_ctrl/OPV20-1750ug-rep-2c_mutdiffsel.csv
2018-09-21 07:10:51,252 - INFO - Computing sitediffsel...
2018-09-21 07:10:51,274 - INFO - Sites with largest absolute sitediffsel:
site  abs_diffsel  positive_diffsel  negative_diffsel  max_diffsel  min_diffsel
516        62.39             62.39              0.00         4.45         0.00
512        61.38             60.94             -0.44         5.72        -0.44
514        60.93             60.30             -0.63         4.45        -0.63
515        47.26             46.79             -0.47         4.68        -0.42
513        46.18             45.95             -0.24         4.39        -0.24
519        32.00             31.53             -0.47         4.45        -0.24
517        26.90             26.90              0.00         3.57         0.00
613        24.75              1.54            -23.21         1.22        -3.37
611        24.29              0.61            -23.68         0.61        -2.44
624        21.71              2.04            -19.67         1.65        -2.19

2018-09-21 07:10:51,274 - INFO - Writing to ./results/diffsel/wtDNA_ctrl/OPV20-1750ug-rep-2c_sitediffsel.csv
2018-09-21 07:10:51,284 - INFO - Successful completion of dms2_diffsel
