2018-09-21 07:10:15,019 - INFO - Beginning execution of dms2_batch_diffsel in directory /fh/fast/bloom_j/computational_notebooks/adingens/2017/FusionPeptide_Antibodies/NHP_FP_Ab_Lineages_MAP

2018-09-21 07:10:15,019 - INFO - Progress is being logged to ./results/diffsel/wtDNA_ctrl/summary.log
2018-09-21 07:10:16,044 - INFO - Version information:
	Time and date: Fri Sep 21 07:10:15 2018
	Platform: Linux-3.13.0-143-generic-x86_64-with-debian-jessie-sid
	Python version: 3.6.5 |Anaconda, Inc.| (default, Apr 29 2018, 16:14:56)  [GCC 7.2.0]
	dms_tools2 version: 2.2.9
	Bio version: 1.72
	HTSeq version: 0.10.0
	pandas version: 0.23.3
	numpy version: 1.15.0
	IPython version: 6.4.0
	jupyter version: 1.0.0
	matplotlib version: 2.2.2
	plotnine version: 0.3.0
	natsort version: 5.3.3
	pystan version: 2.16.0.0
	scipy version: 1.1.0
	seaborn version: 0.9.0
	phydmslib version: 2.3.1
	statsmodels version: 0.9.0
	rpy2 version: 2.9.1

2018-09-21 07:10:16,044 - INFO - Parsed the following arguments:
	outdir = ./results/diffsel/wtDNA_ctrl
	ncpus = -1
	use_existing = yes
	indir = ./results/renumberedcounts
	chartype = codon_to_aa
	excludestop = yes
	pseudocount = 5
	mincount = 0
	batchfile = ./results/diffsel/wtDNA_ctrl/batch.csv
	summaryprefix = summary

2018-09-21 07:10:16,044 - INFO - Parsing info from ./results/diffsel/wtDNA_ctrl/batch.csv
2018-09-21 07:10:16,090 - INFO - Read the following sample information:
group,name,sel,mock,err,mds_names,libfracsurvive
106B6,375ug-rep-1b,mut-virus-1b-106B6-375ug,mut-virus-1b,wt-DNA-1,106B6-375ug-375ug-rep-1b,0.159753086
106B6,375ug-rep-2b,mut-virus-2b-106B6-375ug,mut-virus-2b,wt-DNA-2,106B6-375ug-375ug-rep-2b,0.028992677
106E6,375ug-rep-2b,mut-virus-2b-106E6-375ug,mut-virus-2b,wt-DNA-2,106E6-375ug-375ug-rep-2b,0.071178508
106E6,375ug-rep-1b,mut-virus-1b-106E6-375ug,mut-virus-1b,wt-DNA-1,106E6-375ug-375ug-rep-1b,0.117901235
110D12,700ug-rep-2c,mut-virus-2c-110D12-700ug,mut-virus-2c,wt-DNA-2,110D12-700ug-700ug-rep-2c,0.006386886
110D12,400ug-rep-2c,mut-virus-2c-110D12-400ug,mut-virus-2c,wt-DNA-2,110D12-400ug-400ug-rep-2c,0.008321905
110D12,400ug-rep-3c,mut-virus-3c-110D12-400ug,mut-virus-3c,wt-DNA-3,110D12-400ug-400ug-rep-3c,0.006986651
17D4,4200ug-rep-2c,mut-virus-2c-17D4-4200ug,mut-virus-2c,wt-DNA-2,17D4-4200ug-4200ug-rep-2c,0.108594438
17D4,5000ug-rep-3c,mut-virus-3c-17D4-5000ug,mut-virus-3c,wt-DNA-3,17D4-5000ug-5000ug-rep-3c,0.051157213
17D4,3500ug-rep-2c,mut-virus-2c-17D4-3500ug,mut-virus-2c,wt-DNA-2,17D4-3500ug-3500ug-rep-2c,0.176505534
DF1W203,275ug-rep-2c,mut-virus-2c-DF1W203-275ug,mut-virus-2c,wt-DNA-2,DF1W203-275ug-275ug-rep-2c,0.136216221
DF1W203,400ug-rep-3c,mut-virus-3c-DF1W203-400ug,mut-virus-3c,wt-DNA-3,DF1W203-400ug-400ug-rep-3c,0.029421861
DF1W314,160ug-rep-3c,mut-virus-3c-DF1W314-160ug,mut-virus-3c,wt-DNA-3,DF1W314-160ug-160ug-rep-3c,0.012532842
DF1W314,60ug-rep-1b,mut-virus-1b-DF1W314-60ug,mut-virus-1b,wt-DNA-1,DF1W314-60ug-60ug-rep-1b,0.102716049
DF1W314,60ug-rep-2c,mut-virus-2c-DF1W314-60ug,mut-virus-2c,wt-DNA-2,DF1W314-60ug-60ug-rep-2c,0.170300232
DF1W314,80ug-rep-3c,mut-virus-3c-DF1W314-80ug,mut-virus-3c,wt-DNA-3,DF1W314-80ug-80ug-rep-3c,0.031768134
DF1W314,80ug-rep-2c,mut-virus-2c-DF1W314-80ug,mut-virus-2c,wt-DNA-2,DF1W314-80ug-80ug-rep-2c,0.146913457
OPV12,4000ug-rep-2c,mut-virus-2c-OPV12-4000ug,mut-virus-2c,wt-DNA-2,OPV12-4000ug-4000ug-rep-2c,0.008155111999999999
OPV12,3600ug-rep-3c,mut-virus-3c-OPV12-3600ug,mut-virus-3c,wt-DNA-3,OPV12-3600ug-3600ug-rep-3c,0.010646493
OPV20,1750ug-rep-2c,mut-virus-2c-OPV20-1750ug,mut-virus-2c,wt-DNA-2,OPV20-1750ug-1750ug-rep-2c,0.022658624
OPV20,1750ug-rep-3c,mut-virus-3c-OPV20-1750ug,mut-virus-3c,wt-DNA-3,OPV20-1750ug-1750ug-rep-3c,0.0119139


2018-09-21 07:10:16,161 - INFO - Running dms2_diffsel on all samples...
2018-09-21 07:10:52,056 - INFO - Completed runs of dms2_diffsel.

2018-09-21 07:10:52,098 - INFO - Analyzing the diffsel values for the 2 samples in group 106B6.
2018-09-21 07:10:52,099 - INFO - Plotting mutdiffsel correlations to ./results/diffsel/wtDNA_ctrl/summary_106B6-mutdiffselcorr.pdf
2018-09-21 07:10:53,071 - INFO - Plotting absolutesitediffsel correlations to ./results/diffsel/wtDNA_ctrl/summary_106B6-absolutesitediffselcorr.pdf
2018-09-21 07:10:53,417 - INFO - Plotting positivesitediffsel correlations to ./results/diffsel/wtDNA_ctrl/summary_106B6-positivesitediffselcorr.pdf
2018-09-21 07:10:53,745 - INFO - Plotting maxmutdiffsel correlations to ./results/diffsel/wtDNA_ctrl/summary_106B6-maxmutdiffselcorr.pdf
2018-09-21 07:10:54,073 - INFO - Writing mean mutdiffsel to ./results/diffsel/wtDNA_ctrl/summary_106B6-meanmutdiffsel.csv
2018-09-21 07:10:54,187 - INFO - Writing mean sitediffsel to ./results/diffsel/wtDNA_ctrl/summary_106B6-meansitediffsel.csv
2018-09-21 07:10:54,225 - INFO - Writing median mutdiffsel to ./results/diffsel/wtDNA_ctrl/summary_106B6-medianmutdiffsel.csv
2018-09-21 07:10:54,335 - INFO - Writing median sitediffsel to ./results/diffsel/wtDNA_ctrl/summary_106B6-mediansitediffsel.csv
2018-09-21 07:10:54,368 - INFO - Analyzing the diffsel values for the 2 samples in group 106E6.
2018-09-21 07:10:54,368 - INFO - Plotting mutdiffsel correlations to ./results/diffsel/wtDNA_ctrl/summary_106E6-mutdiffselcorr.pdf
2018-09-21 07:10:54,950 - INFO - Plotting absolutesitediffsel correlations to ./results/diffsel/wtDNA_ctrl/summary_106E6-absolutesitediffselcorr.pdf
2018-09-21 07:10:55,372 - INFO - Plotting positivesitediffsel correlations to ./results/diffsel/wtDNA_ctrl/summary_106E6-positivesitediffselcorr.pdf
2018-09-21 07:10:55,724 - INFO - Plotting maxmutdiffsel correlations to ./results/diffsel/wtDNA_ctrl/summary_106E6-maxmutdiffselcorr.pdf
2018-09-21 07:10:56,051 - INFO - Writing mean mutdiffsel to ./results/diffsel/wtDNA_ctrl/summary_106E6-meanmutdiffsel.csv
2018-09-21 07:10:56,161 - INFO - Writing mean sitediffsel to ./results/diffsel/wtDNA_ctrl/summary_106E6-meansitediffsel.csv
2018-09-21 07:10:56,190 - INFO - Writing median mutdiffsel to ./results/diffsel/wtDNA_ctrl/summary_106E6-medianmutdiffsel.csv
2018-09-21 07:10:56,293 - INFO - Writing median sitediffsel to ./results/diffsel/wtDNA_ctrl/summary_106E6-mediansitediffsel.csv
2018-09-21 07:10:56,326 - INFO - Analyzing the diffsel values for the 3 samples in group 110D12.
2018-09-21 07:10:56,326 - INFO - Plotting mutdiffsel correlations to ./results/diffsel/wtDNA_ctrl/summary_110D12-mutdiffselcorr.pdf
2018-09-21 07:10:57,547 - INFO - Plotting absolutesitediffsel correlations to ./results/diffsel/wtDNA_ctrl/summary_110D12-absolutesitediffselcorr.pdf
2018-09-21 07:10:58,212 - INFO - Plotting positivesitediffsel correlations to ./results/diffsel/wtDNA_ctrl/summary_110D12-positivesitediffselcorr.pdf
2018-09-21 07:10:58,781 - INFO - Plotting maxmutdiffsel correlations to ./results/diffsel/wtDNA_ctrl/summary_110D12-maxmutdiffselcorr.pdf
2018-09-21 07:10:59,382 - INFO - Writing mean mutdiffsel to ./results/diffsel/wtDNA_ctrl/summary_110D12-meanmutdiffsel.csv
2018-09-21 07:10:59,520 - INFO - Writing mean sitediffsel to ./results/diffsel/wtDNA_ctrl/summary_110D12-meansitediffsel.csv
2018-09-21 07:10:59,553 - INFO - Writing median mutdiffsel to ./results/diffsel/wtDNA_ctrl/summary_110D12-medianmutdiffsel.csv
2018-09-21 07:10:59,698 - INFO - Writing median sitediffsel to ./results/diffsel/wtDNA_ctrl/summary_110D12-mediansitediffsel.csv
2018-09-21 07:10:59,734 - INFO - Analyzing the diffsel values for the 3 samples in group 17D4.
2018-09-21 07:10:59,734 - INFO - Plotting mutdiffsel correlations to ./results/diffsel/wtDNA_ctrl/summary_17D4-mutdiffselcorr.pdf
2018-09-21 07:11:00,954 - INFO - Plotting absolutesitediffsel correlations to ./results/diffsel/wtDNA_ctrl/summary_17D4-absolutesitediffselcorr.pdf
2018-09-21 07:11:01,628 - INFO - Plotting positivesitediffsel correlations to ./results/diffsel/wtDNA_ctrl/summary_17D4-positivesitediffselcorr.pdf
2018-09-21 07:11:02,232 - INFO - Plotting maxmutdiffsel correlations to ./results/diffsel/wtDNA_ctrl/summary_17D4-maxmutdiffselcorr.pdf
2018-09-21 07:11:02,838 - INFO - Writing mean mutdiffsel to ./results/diffsel/wtDNA_ctrl/summary_17D4-meanmutdiffsel.csv
2018-09-21 07:11:02,974 - INFO - Writing mean sitediffsel to ./results/diffsel/wtDNA_ctrl/summary_17D4-meansitediffsel.csv
2018-09-21 07:11:03,006 - INFO - Writing median mutdiffsel to ./results/diffsel/wtDNA_ctrl/summary_17D4-medianmutdiffsel.csv
2018-09-21 07:11:03,148 - INFO - Writing median sitediffsel to ./results/diffsel/wtDNA_ctrl/summary_17D4-mediansitediffsel.csv
2018-09-21 07:11:03,188 - INFO - Analyzing the diffsel values for the 2 samples in group DF1W203.
2018-09-21 07:11:03,188 - INFO - Plotting mutdiffsel correlations to ./results/diffsel/wtDNA_ctrl/summary_DF1W203-mutdiffselcorr.pdf
2018-09-21 07:11:03,776 - INFO - Plotting absolutesitediffsel correlations to ./results/diffsel/wtDNA_ctrl/summary_DF1W203-absolutesitediffselcorr.pdf
2018-09-21 07:11:04,210 - INFO - Plotting positivesitediffsel correlations to ./results/diffsel/wtDNA_ctrl/summary_DF1W203-positivesitediffselcorr.pdf
2018-09-21 07:11:04,552 - INFO - Plotting maxmutdiffsel correlations to ./results/diffsel/wtDNA_ctrl/summary_DF1W203-maxmutdiffselcorr.pdf
2018-09-21 07:11:04,895 - INFO - Writing mean mutdiffsel to ./results/diffsel/wtDNA_ctrl/summary_DF1W203-meanmutdiffsel.csv
2018-09-21 07:11:05,006 - INFO - Writing mean sitediffsel to ./results/diffsel/wtDNA_ctrl/summary_DF1W203-meansitediffsel.csv
2018-09-21 07:11:05,044 - INFO - Writing median mutdiffsel to ./results/diffsel/wtDNA_ctrl/summary_DF1W203-medianmutdiffsel.csv
2018-09-21 07:11:05,147 - INFO - Writing median sitediffsel to ./results/diffsel/wtDNA_ctrl/summary_DF1W203-mediansitediffsel.csv
2018-09-21 07:11:05,181 - INFO - Analyzing the diffsel values for the 5 samples in group DF1W314.
2018-09-21 07:11:05,181 - INFO - Plotting mutdiffsel correlations to ./results/diffsel/wtDNA_ctrl/summary_DF1W314-mutdiffselcorr.pdf
2018-09-21 07:11:08,356 - INFO - Plotting absolutesitediffsel correlations to ./results/diffsel/wtDNA_ctrl/summary_DF1W314-absolutesitediffselcorr.pdf
2018-09-21 07:11:09,758 - INFO - Plotting positivesitediffsel correlations to ./results/diffsel/wtDNA_ctrl/summary_DF1W314-positivesitediffselcorr.pdf
2018-09-21 07:11:11,258 - INFO - Plotting maxmutdiffsel correlations to ./results/diffsel/wtDNA_ctrl/summary_DF1W314-maxmutdiffselcorr.pdf
2018-09-21 07:11:12,641 - INFO - Writing mean mutdiffsel to ./results/diffsel/wtDNA_ctrl/summary_DF1W314-meanmutdiffsel.csv
2018-09-21 07:11:12,849 - INFO - Writing mean sitediffsel to ./results/diffsel/wtDNA_ctrl/summary_DF1W314-meansitediffsel.csv
2018-09-21 07:11:12,884 - INFO - Writing median mutdiffsel to ./results/diffsel/wtDNA_ctrl/summary_DF1W314-medianmutdiffsel.csv
2018-09-21 07:11:13,175 - INFO - Writing median sitediffsel to ./results/diffsel/wtDNA_ctrl/summary_DF1W314-mediansitediffsel.csv
2018-09-21 07:11:13,211 - INFO - Analyzing the diffsel values for the 2 samples in group OPV12.
2018-09-21 07:11:13,211 - INFO - Plotting mutdiffsel correlations to ./results/diffsel/wtDNA_ctrl/summary_OPV12-mutdiffselcorr.pdf
2018-09-21 07:11:13,776 - INFO - Plotting absolutesitediffsel correlations to ./results/diffsel/wtDNA_ctrl/summary_OPV12-absolutesitediffselcorr.pdf
2018-09-21 07:11:14,110 - INFO - Plotting positivesitediffsel correlations to ./results/diffsel/wtDNA_ctrl/summary_OPV12-positivesitediffselcorr.pdf
2018-09-21 07:11:14,446 - INFO - Plotting maxmutdiffsel correlations to ./results/diffsel/wtDNA_ctrl/summary_OPV12-maxmutdiffselcorr.pdf
2018-09-21 07:11:14,760 - INFO - Writing mean mutdiffsel to ./results/diffsel/wtDNA_ctrl/summary_OPV12-meanmutdiffsel.csv
2018-09-21 07:11:14,863 - INFO - Writing mean sitediffsel to ./results/diffsel/wtDNA_ctrl/summary_OPV12-meansitediffsel.csv
2018-09-21 07:11:14,897 - INFO - Writing median mutdiffsel to ./results/diffsel/wtDNA_ctrl/summary_OPV12-medianmutdiffsel.csv
2018-09-21 07:11:14,998 - INFO - Writing median sitediffsel to ./results/diffsel/wtDNA_ctrl/summary_OPV12-mediansitediffsel.csv
2018-09-21 07:11:15,034 - INFO - Analyzing the diffsel values for the 2 samples in group OPV20.
2018-09-21 07:11:15,034 - INFO - Plotting mutdiffsel correlations to ./results/diffsel/wtDNA_ctrl/summary_OPV20-mutdiffselcorr.pdf
2018-09-21 07:11:15,580 - INFO - Plotting absolutesitediffsel correlations to ./results/diffsel/wtDNA_ctrl/summary_OPV20-absolutesitediffselcorr.pdf
2018-09-21 07:11:15,982 - INFO - Plotting positivesitediffsel correlations to ./results/diffsel/wtDNA_ctrl/summary_OPV20-positivesitediffselcorr.pdf
2018-09-21 07:11:16,318 - INFO - Plotting maxmutdiffsel correlations to ./results/diffsel/wtDNA_ctrl/summary_OPV20-maxmutdiffselcorr.pdf
2018-09-21 07:11:16,664 - INFO - Writing mean mutdiffsel to ./results/diffsel/wtDNA_ctrl/summary_OPV20-meanmutdiffsel.csv
2018-09-21 07:11:16,767 - INFO - Writing mean sitediffsel to ./results/diffsel/wtDNA_ctrl/summary_OPV20-meansitediffsel.csv
2018-09-21 07:11:16,794 - INFO - Writing median mutdiffsel to ./results/diffsel/wtDNA_ctrl/summary_OPV20-medianmutdiffsel.csv
2018-09-21 07:11:16,900 - INFO - Writing median sitediffsel to ./results/diffsel/wtDNA_ctrl/summary_OPV20-mediansitediffsel.csv
2018-09-21 07:11:16,928 - INFO - Plotting mean positive diffsel to ./results/diffsel/wtDNA_ctrl/summary_meanpositivediffsel.pdf
2018-09-21 07:11:17,925 - INFO - Plotting mean total diffsel to ./results/diffsel/wtDNA_ctrl/summary_meantotaldiffsel.pdf
2018-09-21 07:11:19,126 - INFO - Plotting mean max diffsel to ./results/diffsel/wtDNA_ctrl/summary_meanmaxdiffsel.pdf
2018-09-21 07:11:20,035 - INFO - Plotting mean minmax diffsel to ./results/diffsel/wtDNA_ctrl/summary_meanminmaxdiffsel.pdf
2018-09-21 07:11:21,442 - INFO - Plotting median positive diffsel to ./results/diffsel/wtDNA_ctrl/summary_medianpositivediffsel.pdf
2018-09-21 07:11:22,412 - INFO - Plotting median total diffsel to ./results/diffsel/wtDNA_ctrl/summary_mediantotaldiffsel.pdf
2018-09-21 07:11:23,643 - INFO - Plotting median max diffsel to ./results/diffsel/wtDNA_ctrl/summary_medianmaxdiffsel.pdf
2018-09-21 07:11:24,547 - INFO - Plotting median minmax diffsel to ./results/diffsel/wtDNA_ctrl/summary_medianminmaxdiffsel.pdf
2018-09-21 07:11:25,864 - INFO - Successful completion of dms2_batch_diffsel
